<?xml version="1.0" encoding="UTF-8"?>
<coverage generated="1784854163162" clover="3.2.0">
  <project timestamp="1784854163162" name="All files">
    <metrics statements="389" coveredstatements="357" conditionals="250" coveredconditionals="211" methods="119" coveredmethods="107" elements="758" coveredelements="675" complexity="0" loc="389" ncloc="389" packages="10" files="19" classes="19"/>
    <package name="src">
      <metrics statements="1" coveredstatements="1" conditionals="0" coveredconditionals="0" methods="1" coveredmethods="1"/>
      <file name="App.tsx" path="/Users/ya_dim4ik/fork-flux/forkflux/packages/dashboard/src/App.tsx">
        <metrics statements="1" coveredstatements="1" conditionals="0" coveredconditionals="0" methods="1" coveredmethods="1"/>
        <line num="8" count="4" type="stmt"/>
      </file>
    </package>
    <package name="src.components">
      <metrics statements="9" coveredstatements="9" conditionals="8" coveredconditionals="8" methods="5" coveredmethods="5"/>
      <file name="Header.tsx" path="/Users/ya_dim4ik/fork-flux/forkflux/packages/dashboard/src/components/Header.tsx">
        <metrics statements="2" coveredstatements="2" conditionals="2" coveredconditionals="2" methods="2" coveredmethods="2"/>
        <line num="6" count="9" type="stmt"/>
        <line num="22" count="10" type="cond" truecount="2" falsecount="0"/>
      </file>
      <file name="Layout.tsx" path="/Users/ya_dim4ik/fork-flux/forkflux/packages/dashboard/src/components/Layout.tsx">
        <metrics statements="1" coveredstatements="1" conditionals="0" coveredconditionals="0" methods="1" coveredmethods="1"/>
        <line num="6" count="5" type="stmt"/>
      </file>
      <file name="StatusBadge.tsx" path="/Users/ya_dim4ik/fork-flux/forkflux/packages/dashboard/src/components/StatusBadge.tsx">
        <metrics statements="3" coveredstatements="3" conditionals="0" coveredconditionals="0" methods="1" coveredmethods="1"/>
        <line num="4" count="4" type="stmt"/>
        <line num="14" count="4" type="stmt"/>
        <line num="29" count="44" type="stmt"/>
      </file>
      <file name="ThemeToggle.tsx" path="/Users/ya_dim4ik/fork-flux/forkflux/packages/dashboard/src/components/ThemeToggle.tsx">
        <metrics statements="3" coveredstatements="3" conditionals="6" coveredconditionals="6" methods="1" coveredmethods="1"/>
        <line num="11" count="12" type="stmt"/>
        <line num="12" count="12" type="stmt"/>
        <line num="14" count="12" type="stmt"/>
      </file>
    </package>
    <package name="src.components.Drawer">
      <metrics statements="21" coveredstatements="21" conditionals="11" coveredconditionals="9" methods="5" coveredmethods="5"/>
      <file name="Drawer.tsx" path="/Users/ya_dim4ik/fork-flux/forkflux/packages/dashboard/src/components/Drawer/Drawer.tsx">
        <metrics statements="21" coveredstatements="21" conditionals="11" coveredconditionals="9" methods="5" coveredmethods="5"/>
        <line num="20" count="31" type="stmt"/>
        <line num="21" count="31" type="stmt"/>
        <line num="24" count="31" type="stmt"/>
        <line num="25" count="31" type="cond" truecount="2" falsecount="0"/>
        <line num="27" count="11" type="stmt"/>
        <line num="29" count="11" type="stmt"/>
        <line num="30" count="1" type="cond" truecount="1" falsecount="1"/>
        <line num="31" count="1" type="stmt"/>
        <line num="32" count="1" type="stmt"/>
        <line num="36" count="11" type="stmt"/>
        <line num="37" count="11" type="stmt"/>
        <line num="38" count="11" type="stmt"/>
        <line num="41" count="11" type="stmt"/>
        <line num="42" count="11" type="stmt"/>
        <line num="45" count="11" type="stmt"/>
        <line num="46" count="11" type="stmt"/>
        <line num="47" count="11" type="stmt"/>
        <line num="49" count="11" type="cond" truecount="1" falsecount="1"/>
        <line num="50" count="11" type="stmt"/>
        <line num="55" count="31" type="cond" truecount="2" falsecount="0"/>
        <line num="57" count="11" type="stmt"/>
      </file>
    </package>
    <package name="src.components.JsonGrid">
      <metrics statements="4" coveredstatements="3" conditionals="4" coveredconditionals="3" methods="2" coveredmethods="2"/>
      <file name="JsonGrid.tsx" path="/Users/ya_dim4ik/fork-flux/forkflux/packages/dashboard/src/components/JsonGrid/JsonGrid.tsx">
        <metrics statements="4" coveredstatements="3" conditionals="4" coveredconditionals="3" methods="2" coveredmethods="2"/>
        <line num="15" count="2" type="cond" truecount="3" falsecount="1"/>
        <line num="16" count="2" type="stmt"/>
        <line num="18" count="0" type="stmt"/>
        <line num="32" count="2" type="stmt"/>
      </file>
    </package>
    <package name="src.components.Paginator">
      <metrics statements="32" coveredstatements="31" conditionals="16" coveredconditionals="14" methods="9" coveredmethods="9"/>
      <file name="Paginator.tsx" path="/Users/ya_dim4ik/fork-flux/forkflux/packages/dashboard/src/components/Paginator/Paginator.tsx">
        <metrics statements="32" coveredstatements="31" conditionals="16" coveredconditionals="14" methods="9" coveredmethods="9"/>
        <line num="31" count="3" type="stmt"/>
        <line num="34" count="3" type="stmt"/>
        <line num="43" count="36" type="cond" truecount="2" falsecount="0"/>
        <line num="44" count="66" type="stmt"/>
        <line num="47" count="2" type="stmt"/>
        <line num="49" count="2" type="stmt"/>
        <line num="50" count="2" type="stmt"/>
        <line num="52" count="2" type="stmt"/>
        <line num="54" count="2" type="cond" truecount="1" falsecount="1"/>
        <line num="55" count="0" type="stmt"/>
        <line num="58" count="2" type="stmt"/>
        <line num="59" count="4" type="stmt"/>
        <line num="62" count="2" type="cond" truecount="1" falsecount="1"/>
        <line num="63" count="2" type="stmt"/>
        <line num="66" count="2" type="stmt"/>
        <line num="68" count="2" type="stmt"/>
        <line num="78" count="36" type="stmt"/>
        <line num="79" count="36" type="stmt"/>
        <line num="82" count="36" type="stmt"/>
        <line num="83" count="36" type="stmt"/>
        <line num="85" count="36" type="cond" truecount="2" falsecount="0"/>
        <line num="86" count="36" type="stmt"/>
        <line num="88" count="36" type="stmt"/>
        <line num="89" count="36" type="stmt"/>
        <line num="91" count="36" type="stmt"/>
        <line num="93" count="36" type="stmt"/>
        <line num="106" count="1" type="stmt"/>
        <line num="113" count="76" type="cond" truecount="2" falsecount="0"/>
        <line num="124" count="1" type="stmt"/>
        <line num="136" count="1" type="stmt"/>
        <line num="148" count="1" type="stmt"/>
        <line num="151" count="144" type="stmt"/>
      </file>
    </package>
    <package name="src.hooks">
      <metrics statements="104" coveredstatements="103" conditionals="58" coveredconditionals="56" methods="22" coveredmethods="22"/>
      <file name="useJobListParams.ts" path="/Users/ya_dim4ik/fork-flux/forkflux/packages/dashboard/src/hooks/useJobListParams.ts">
        <metrics statements="71" coveredstatements="71" conditionals="44" coveredconditionals="43" methods="13" coveredmethods="13"/>
        <line num="28" count="3" type="stmt"/>
        <line num="29" count="3" type="stmt"/>
        <line num="30" count="3" type="stmt"/>
        <line num="31" count="3" type="stmt"/>
        <line num="33" count="3" type="stmt"/>
        <line num="41" count="3" type="stmt"/>
        <line num="43" count="3" type="stmt"/>
        <line num="63" count="171" type="cond" truecount="4" falsecount="0"/>
        <line num="67" count="114" type="cond" truecount="2" falsecount="0"/>
        <line num="68" count="22" type="stmt"/>
        <line num="69" count="22" type="cond" truecount="4" falsecount="0"/>
        <line num="88" count="80" type="stmt"/>
        <line num="90" count="80" type="stmt"/>
        <line num="91" count="57" type="stmt"/>
        <line num="92" count="57" type="cond" truecount="2" falsecount="0"/>
        <line num="93" count="57" type="cond" truecount="2" falsecount="0"/>
        <line num="94" count="57" type="stmt"/>
        <line num="95" count="57" type="stmt"/>
        <line num="96" count="57" type="stmt"/>
        <line num="97" count="57" type="stmt"/>
        <line num="99" count="57" type="stmt"/>
        <line num="108" count="80" type="stmt"/>
        <line num="110" count="18" type="stmt"/>
        <line num="112" count="18" type="stmt"/>
        <line num="118" count="18" type="stmt"/>
        <line num="120" count="18" type="cond" truecount="2" falsecount="0"/>
        <line num="121" count="2" type="cond" truecount="2" falsecount="0"/>
        <line num="122" count="1" type="stmt"/>
        <line num="124" count="1" type="stmt"/>
        <line num="127" count="18" type="cond" truecount="2" falsecount="0"/>
        <line num="128" count="2" type="cond" truecount="2" falsecount="0"/>
        <line num="129" count="1" type="stmt"/>
        <line num="131" count="1" type="stmt"/>
        <line num="134" count="18" type="cond" truecount="2" falsecount="0"/>
        <line num="135" count="3" type="cond" truecount="2" falsecount="0"/>
        <line num="136" count="1" type="stmt"/>
        <line num="138" count="2" type="stmt"/>
        <line num="141" count="18" type="cond" truecount="2" falsecount="0"/>
        <line num="142" count="3" type="cond" truecount="2" falsecount="0"/>
        <line num="143" count="1" type="stmt"/>
        <line num="145" count="2" type="stmt"/>
        <line num="148" count="18" type="cond" truecount="2" falsecount="0"/>
        <line num="149" count="4" type="cond" truecount="2" falsecount="0"/>
        <line num="150" count="2" type="stmt"/>
        <line num="152" count="2" type="stmt"/>
        <line num="155" count="18" type="cond" truecount="2" falsecount="0"/>
        <line num="156" count="2" type="cond" truecount="2" falsecount="0"/>
        <line num="157" count="1" type="stmt"/>
        <line num="159" count="1" type="stmt"/>
        <line num="164" count="18" type="cond" truecount="2" falsecount="0"/>
        <line num="165" count="2" type="cond" truecount="2" falsecount="0"/>
        <line num="166" count="1" type="stmt"/>
        <line num="168" count="1" type="stmt"/>
        <line num="170" count="16" type="cond" truecount="1" falsecount="1"/>
        <line num="171" count="16" type="stmt"/>
        <line num="174" count="18" type="stmt"/>
        <line num="182" count="80" type="stmt"/>
        <line num="183" count="2" type="stmt"/>
        <line num="187" count="80" type="stmt"/>
        <line num="188" count="2" type="stmt"/>
        <line num="192" count="80" type="stmt"/>
        <line num="193" count="3" type="stmt"/>
        <line num="197" count="80" type="stmt"/>
        <line num="198" count="3" type="stmt"/>
        <line num="202" count="80" type="stmt"/>
        <line num="203" count="4" type="stmt"/>
        <line num="207" count="80" type="stmt"/>
        <line num="208" count="2" type="stmt"/>
        <line num="212" count="80" type="stmt"/>
        <line num="213" count="2" type="stmt"/>
        <line num="217" count="80" type="stmt"/>
      </file>
      <file name="useTheme.ts" path="/Users/ya_dim4ik/fork-flux/forkflux/packages/dashboard/src/hooks/useTheme.ts">
        <metrics statements="33" coveredstatements="32" conditionals="14" coveredconditionals="13" methods="9" coveredmethods="9"/>
        <line num="5" count="4" type="stmt"/>
        <line num="6" count="4" type="stmt"/>
        <line num="11" count="19" type="cond" truecount="4" falsecount="0"/>
        <line num="12" count="3" type="stmt"/>
        <line num="14" count="16" type="stmt"/>
        <line num="18" count="7" type="cond" truecount="2" falsecount="0"/>
        <line num="19" count="5" type="stmt"/>
        <line num="22" count="2" type="stmt"/>
        <line num="38" count="26" type="stmt"/>
        <line num="40" count="26" type="stmt"/>
        <line num="41" count="6" type="stmt"/>
        <line num="42" count="6" type="stmt"/>
        <line num="48" count="26" type="stmt"/>
        <line num="49" count="6" type="stmt"/>
        <line num="50" count="6" type="cond" truecount="2" falsecount="0"/>
        <line num="51" count="6" type="stmt"/>
        <line num="52" count="6" type="stmt"/>
        <line num="53" count="6" type="stmt"/>
        <line num="58" count="26" type="stmt"/>
        <line num="59" count="19" type="stmt"/>
        <line num="60" count="19" type="stmt"/>
        <line num="61" count="19" type="stmt"/>
        <line num="63" count="0" type="stmt"/>
        <line num="65" count="19" type="cond" truecount="4" falsecount="0"/>
        <line num="67" count="1" type="stmt"/>
        <line num="70" count="18" type="stmt"/>
        <line num="71" count="18" type="stmt"/>
        <line num="72" count="1" type="cond" truecount="1" falsecount="1"/>
        <line num="73" count="1" type="stmt"/>
        <line num="74" count="1" type="stmt"/>
        <line num="76" count="18" type="stmt"/>
        <line num="77" count="18" type="stmt"/>
        <line num="80" count="26" type="stmt"/>
      </file>
    </package>
    <package name="src.lib">
      <metrics statements="59" coveredstatements="59" conditionals="40" coveredconditionals="38" methods="22" coveredmethods="22"/>
      <file name="jobs.ts" path="/Users/ya_dim4ik/fork-flux/forkflux/packages/dashboard/src/lib/jobs.ts">
        <metrics statements="59" coveredstatements="59" conditionals="40" coveredconditionals="38" methods="22" coveredmethods="22"/>
        <line num="32" count="6" type="stmt"/>
        <line num="33" count="3" type="stmt"/>
        <line num="41" count="3" type="stmt"/>
        <line num="43" count="2" type="stmt"/>
        <line num="45" count="2" type="stmt"/>
        <line num="46" count="2" type="stmt"/>
        <line num="49" count="2" type="stmt"/>
        <line num="61" count="6" type="stmt"/>
        <line num="77" count="2" type="stmt"/>
        <line num="78" count="2" type="stmt"/>
        <line num="79" count="14" type="stmt"/>
        <line num="81" count="2" type="stmt"/>
        <line num="82" count="4" type="stmt"/>
        <line num="84" count="2" type="stmt"/>
        <line num="97" count="20" type="stmt"/>
        <line num="98" count="5" type="stmt"/>
        <line num="100" count="5" type="stmt"/>
        <line num="103" count="5" type="stmt"/>
        <line num="104" count="35" type="cond" truecount="2" falsecount="0"/>
        <line num="105" count="18" type="stmt"/>
        <line num="110" count="5" type="stmt"/>
        <line num="111" count="20" type="stmt"/>
        <line num="112" count="1" type="stmt"/>
        <line num="113" count="5" type="stmt"/>
        <line num="114" count="2" type="stmt"/>
        <line num="117" count="5" type="stmt"/>
        <line num="125" count="5" type="stmt"/>
        <line num="126" count="3" type="stmt"/>
        <line num="138" count="7" type="stmt"/>
        <line num="139" count="7" type="stmt"/>
        <line num="141" count="7" type="stmt"/>
        <line num="142" count="21" type="cond" truecount="4" falsecount="0"/>
        <line num="143" count="18" type="cond" truecount="4" falsecount="0"/>
        <line num="144" count="16" type="cond" truecount="4" falsecount="0"/>
        <line num="145" count="13" type="stmt"/>
        <line num="158" count="8" type="stmt"/>
        <line num="159" count="30" type="stmt"/>
        <line num="161" count="30" type="cond" truecount="4" falsecount="0"/>
        <line num="162" count="20" type="stmt"/>
        <line num="163" count="10" type="cond" truecount="2" falsecount="0"/>
        <line num="164" count="4" type="stmt"/>
        <line num="167" count="6" type="stmt"/>
        <line num="170" count="30" type="cond" truecount="2" falsecount="0"/>
        <line num="183" count="102" type="cond" truecount="2" falsecount="0"/>
        <line num="184" count="101" type="stmt"/>
        <line num="185" count="101" type="cond" truecount="2" falsecount="0"/>
        <line num="186" count="100" type="stmt"/>
        <line num="200" count="40" type="cond" truecount="2" falsecount="0"/>
        <line num="207" count="6" type="cond" truecount="2" falsecount="0"/>
        <line num="208" count="5" type="stmt"/>
        <line num="209" count="5" type="stmt"/>
        <line num="210" count="5" type="stmt"/>
        <line num="211" count="5" type="cond" truecount="4" falsecount="0"/>
        <line num="219" count="24" type="stmt"/>
        <line num="220" count="24" type="cond" truecount="2" falsecount="0"/>
        <line num="237" count="24" type="stmt"/>
        <line num="249" count="24" type="stmt"/>
        <line num="250" count="216" type="stmt"/>
        <line num="251" count="35" type="cond" truecount="2" falsecount="2"/>
      </file>
    </package>
    <package name="src.pages">
      <metrics statements="109" coveredstatements="101" conditionals="97" coveredconditionals="71" methods="40" coveredmethods="33"/>
      <file name="JobDetailPage.tsx" path="/Users/ya_dim4ik/fork-flux/forkflux/packages/dashboard/src/pages/JobDetailPage.tsx">
        <metrics statements="47" coveredstatements="44" conditionals="40" coveredconditionals="33" methods="15" coveredmethods="13"/>
        <line num="17" count="49" type="stmt"/>
        <line num="18" count="49" type="stmt"/>
        <line num="20" count="49" type="stmt"/>
        <line num="21" count="49" type="stmt"/>
        <line num="22" count="49" type="stmt"/>
        <line num="23" count="49" type="stmt"/>
        <line num="24" count="49" type="stmt"/>
        <line num="26" count="49" type="stmt"/>
        <line num="27" count="1" type="stmt"/>
        <line num="28" count="1" type="stmt"/>
        <line num="29" count="1" type="cond" truecount="1" falsecount="1"/>
        <line num="30" count="0" type="stmt"/>
        <line num="32" count="1" type="stmt"/>
        <line num="34" count="1" type="stmt"/>
        <line num="38" count="49" type="stmt"/>
        <line num="39" count="24" type="cond" truecount="1" falsecount="1"/>
        <line num="40" count="24" type="stmt"/>
        <line num="41" count="24" type="cond" truecount="2" falsecount="0"/>
        <line num="42" count="1" type="stmt"/>
        <line num="43" count="1" type="stmt"/>
        <line num="44" count="1" type="stmt"/>
        <line num="47" count="23" type="stmt"/>
        <line num="48" count="23" type="stmt"/>
        <line num="49" count="23" type="stmt"/>
        <line num="51" count="21" type="cond" truecount="1" falsecount="1"/>
        <line num="52" count="21" type="stmt"/>
        <line num="53" count="21" type="cond" truecount="2" falsecount="0"/>
        <line num="56" count="1" type="cond" truecount="1" falsecount="1"/>
        <line num="57" count="1" type="cond" truecount="1" falsecount="1"/>
        <line num="60" count="22" type="cond" truecount="1" falsecount="1"/>
        <line num="62" count="23" type="stmt"/>
        <line num="63" count="23" type="stmt"/>
        <line num="67" count="49" type="cond" truecount="2" falsecount="0"/>
        <line num="68" count="24" type="stmt"/>
        <line num="71" count="25" type="cond" truecount="4" falsecount="0"/>
        <line num="72" count="5" type="stmt"/>
        <line num="82" count="20" type="stmt"/>
        <line num="83" count="20" type="stmt"/>
        <line num="85" count="20" type="stmt"/>
        <line num="90" count="0" type="stmt"/>
        <line num="150" count="1" type="stmt"/>
        <line num="151" count="1" type="stmt"/>
        <line num="188" count="38" type="stmt"/>
        <line num="201" count="3" type="stmt"/>
        <line num="206" count="1" type="stmt"/>
        <line num="232" count="41" type="stmt"/>
        <line num="250" count="0" type="stmt"/>
      </file>
      <file name="JobListPage.tsx" path="/Users/ya_dim4ik/fork-flux/forkflux/packages/dashboard/src/pages/JobListPage.tsx">
        <metrics statements="61" coveredstatements="56" conditionals="57" coveredconditionals="38" methods="24" coveredmethods="19"/>
        <line num="11" count="2" type="stmt"/>
        <line num="14" count="43" type="stmt"/>
        <line num="24" count="43" type="stmt"/>
        <line num="26" count="43" type="stmt"/>
        <line num="27" count="43" type="stmt"/>
        <line num="28" count="43" type="stmt"/>
        <line num="29" count="43" type="stmt"/>
        <line num="30" count="43" type="stmt"/>
        <line num="31" count="43" type="stmt"/>
        <line num="32" count="43" type="stmt"/>
        <line num="33" count="43" type="stmt"/>
        <line num="38" count="43" type="stmt"/>
        <line num="39" count="18" type="stmt"/>
        <line num="42" count="43" type="stmt"/>
        <line num="43" count="18" type="cond" truecount="2" falsecount="0"/>
        <line num="44" count="18" type="stmt"/>
        <line num="45" count="1" type="cond" truecount="1" falsecount="1"/>
        <line num="46" count="1" type="stmt"/>
        <line num="49" count="18" type="stmt"/>
        <line num="50" count="18" type="cond" truecount="1" falsecount="1"/>
        <line num="55" count="43" type="stmt"/>
        <line num="57" count="20" type="stmt"/>
        <line num="69" count="43" type="stmt"/>
        <line num="70" count="20" type="stmt"/>
        <line num="71" count="20" type="stmt"/>
        <line num="72" count="20" type="stmt"/>
        <line num="78" count="17" type="cond" truecount="1" falsecount="1"/>
        <line num="79" count="17" type="stmt"/>
        <line num="80" count="17" type="stmt"/>
        <line num="81" count="17" type="stmt"/>
        <line num="82" count="17" type="stmt"/>
        <line num="83" count="17" type="stmt"/>
        <line num="86" count="2" type="cond" truecount="1" falsecount="1"/>
        <line num="87" count="2" type="cond" truecount="2" falsecount="0"/>
        <line num="90" count="19" type="cond" truecount="1" falsecount="1"/>
        <line num="92" count="20" type="stmt"/>
        <line num="93" count="20" type="stmt"/>
        <line num="99" count="2" type="cond" truecount="2" falsecount="0"/>
        <line num="100" count="1" type="cond" truecount="1" falsecount="1"/>
        <line num="102" count="1" type="stmt"/>
        <line num="103" count="1" type="stmt"/>
        <line num="107" count="43" type="cond" truecount="2" falsecount="0"/>
        <line num="108" count="19" type="stmt"/>
        <line num="111" count="24" type="cond" truecount="2" falsecount="0"/>
        <line num="112" count="2" type="stmt"/>
        <line num="115" count="22" type="stmt"/>
        <line num="117" count="22" type="stmt"/>
        <line num="126" count="26" type="stmt"/>
        <line num="128" count="26" type="cond" truecount="3" falsecount="0"/>
        <line num="129" count="26" type="stmt"/>
        <line num="136" count="0" type="stmt"/>
        <line num="155" count="0" type="stmt"/>
        <line num="159" count="4" type="stmt"/>
        <line num="170" count="1" type="stmt"/>
        <line num="180" count="1" type="stmt"/>
        <line num="186" count="1" type="stmt"/>
        <line num="194" count="0" type="stmt"/>
        <line num="201" count="0" type="stmt"/>
        <line num="212" count="0" type="stmt"/>
        <line num="222" count="18" type="stmt"/>
        <line num="225" count="1" type="stmt"/>
      </file>
      <file name="NotFoundPage.tsx" path="/Users/ya_dim4ik/fork-flux/forkflux/packages/dashboard/src/pages/NotFoundPage.tsx">
        <metrics statements="1" coveredstatements="1" conditionals="0" coveredconditionals="0" methods="1" coveredmethods="1"/>
        <line num="4" count="4" type="stmt"/>
      </file>
    </package>
    <package name="src.services">
      <metrics statements="50" coveredstatements="29" conditionals="16" coveredconditionals="12" methods="13" coveredmethods="8"/>
      <file name="apiDataSource.ts" path="/Users/ya_dim4ik/fork-flux/forkflux/packages/dashboard/src/services/apiDataSource.ts">
        <metrics statements="29" coveredstatements="29" conditionals="12" coveredconditionals="12" methods="8" coveredmethods="8"/>
        <line num="25" count="2" type="stmt"/>
        <line num="28" count="12" type="cond" truecount="2" falsecount="0"/>
        <line num="29" count="1" type="stmt"/>
        <line num="33" count="11" type="stmt"/>
        <line num="37" count="11" type="stmt"/>
        <line num="38" count="11" type="cond" truecount="2" falsecount="0"/>
        <line num="39" count="4" type="stmt"/>
        <line num="41" count="7" type="stmt"/>
        <line num="50" count="7" type="stmt"/>
        <line num="64" count="7" type="stmt"/>
        <line num="66" count="7" type="stmt"/>
        <line num="67" count="7" type="stmt"/>
        <line num="68" count="7" type="stmt"/>
        <line num="69" count="7" type="stmt"/>
        <line num="71" count="7" type="cond" truecount="2" falsecount="0"/>
        <line num="72" count="1" type="stmt"/>
        <line num="74" count="7" type="cond" truecount="2" falsecount="0"/>
        <line num="75" count="1" type="stmt"/>
        <line num="78" count="7" type="stmt"/>
        <line num="81" count="2" type="stmt"/>
        <line num="83" count="7" type="stmt"/>
        <line num="84" count="7" type="stmt"/>
        <line num="95" count="2" type="stmt"/>
        <line num="108" count="2" type="stmt"/>
        <line num="111" count="1" type="stmt"/>
        <line num="115" count="3" type="stmt"/>
        <line num="116" count="3" type="stmt"/>
        <line num="118" count="2" type="cond" truecount="4" falsecount="0"/>
        <line num="119" count="1" type="stmt"/>
      </file>
      <file name="jobService.ts" path="/Users/ya_dim4ik/fork-flux/forkflux/packages/dashboard/src/services/jobService.ts">
        <metrics statements="6" coveredstatements="0" conditionals="4" coveredconditionals="0" methods="1" coveredmethods="0"/>
        <line num="24" count="0" type="stmt"/>
        <line num="25" count="0" type="stmt"/>
        <line num="27" count="0" type="cond" truecount="0" falsecount="4"/>
        <line num="28" count="0" type="stmt"/>
        <line num="30" count="0" type="stmt"/>
        <line num="33" count="0" type="stmt"/>
      </file>
      <file name="mockDataSource.ts" path="/Users/ya_dim4ik/fork-flux/forkflux/packages/dashboard/src/services/mockDataSource.ts">
        <metrics statements="15" coveredstatements="0" conditionals="0" coveredconditionals="0" methods="4" coveredmethods="0"/>
        <line num="33" count="0" type="stmt"/>
        <line num="35" count="0" type="stmt"/>
        <line num="38" count="0" type="stmt"/>
        <line num="45" count="0" type="stmt"/>
        <line num="47" count="0" type="stmt"/>
        <line num="51" count="0" type="stmt"/>
        <line num="52" count="0" type="stmt"/>
        <line num="54" count="0" type="stmt"/>
        <line num="66" count="0" type="stmt"/>
        <line num="68" count="0" type="stmt"/>
        <line num="77" count="0" type="stmt"/>
        <line num="81" count="0" type="stmt"/>
        <line num="82" count="0" type="stmt"/>
        <line num="85" count="0" type="stmt"/>
        <line num="87" count="0" type="stmt"/>
      </file>
      <file name="types.ts" path="/Users/ya_dim4ik/fork-flux/forkflux/packages/dashboard/src/services/types.ts">
        <metrics statements="0" coveredstatements="0" conditionals="0" coveredconditionals="0" methods="0" coveredmethods="0"/>
      </file>
    </package>
    <package name="src.types">
      <metrics statements="0" coveredstatements="0" conditionals="0" coveredconditionals="0" methods="0" coveredmethods="0"/>
      <file name="job.ts" path="/Users/ya_dim4ik/fork-flux/forkflux/packages/dashboard/src/types/job.ts">
        <metrics statements="0" coveredstatements="0" conditionals="0" coveredconditionals="0" methods="0" coveredmethods="0"/>
      </file>
    </package>
  </project>
</coverage>
