{"/Users/ya_dim4ik/fork-flux/forkflux/packages/dashboard/src/App.tsx": {"path":"/Users/ya_dim4ik/fork-flux/forkflux/packages/dashboard/src/App.tsx","statementMap":{"0":{"start":{"line":8,"column":2},"end":{"line":18,"column":null}}},"fnMap":{"0":{"name":"App","decl":{"start":{"line":7,"column":9},"end":{"line":7,"column":15}},"loc":{"start":{"line":7,"column":15},"end":{"line":20,"column":null}},"line":7}},"branchMap":{},"s":{"0":4},"f":{"0":4},"b":{},"meta":{"lastBranch":0,"lastFunction":1,"lastStatement":1,"seen":{"f:7:9:7:15":0,"s:8:2:18:Infinity":0},"fnNames":{}}}
,"/Users/ya_dim4ik/fork-flux/forkflux/packages/dashboard/src/components/Header.tsx": {"path":"/Users/ya_dim4ik/fork-flux/forkflux/packages/dashboard/src/components/Header.tsx","statementMap":{"0":{"start":{"line":6,"column":2},"end":{"line":31,"column":null}},"1":{"start":{"line":22,"column":14},"end":{"line":22,"column":null}}},"fnMap":{"0":{"name":"Header","decl":{"start":{"line":5,"column":16},"end":{"line":5,"column":25}},"loc":{"start":{"line":5,"column":25},"end":{"line":33,"column":null}},"line":5},"1":{"name":"(anonymous_1)","decl":{"start":{"line":21,"column":12},"end":{"line":21,"column":24}},"loc":{"start":{"line":22,"column":14},"end":{"line":22,"column":null}},"line":22}},"branchMap":{"0":{"loc":{"start":{"line":22,"column":36},"end":{"line":22,"column":null}},"type":"cond-expr","locations":[{"start":{"line":22,"column":47},"end":{"line":22,"column":80}},{"start":{"line":22,"column":80},"end":{"line":22,"column":null}}],"line":22}},"s":{"0":9,"1":10},"f":{"0":9,"1":10},"b":{"0":[4,6]},"meta":{"lastBranch":1,"lastFunction":2,"lastStatement":2,"seen":{"f:5:16:5:25":0,"s:6:2:31:Infinity":0,"f:21:12:21:24":1,"s:22:14:22:Infinity":1,"b:22:47:22:80:22:80:22:Infinity":0},"fnNames":{}}}
,"/Users/ya_dim4ik/fork-flux/forkflux/packages/dashboard/src/components/Layout.tsx": {"path":"/Users/ya_dim4ik/fork-flux/forkflux/packages/dashboard/src/components/Layout.tsx","statementMap":{"0":{"start":{"line":6,"column":2},"end":{"line":12,"column":null}}},"fnMap":{"0":{"name":"Layout","decl":{"start":{"line":5,"column":16},"end":{"line":5,"column":25}},"loc":{"start":{"line":5,"column":25},"end":{"line":14,"column":null}},"line":5}},"branchMap":{},"s":{"0":5},"f":{"0":5},"b":{},"meta":{"lastBranch":0,"lastFunction":1,"lastStatement":1,"seen":{"f:5:16:5:25":0,"s:6:2:12:Infinity":0},"fnNames":{}}}
,"/Users/ya_dim4ik/fork-flux/forkflux/packages/dashboard/src/components/StatusBadge.tsx": {"path":"/Users/ya_dim4ik/fork-flux/forkflux/packages/dashboard/src/components/StatusBadge.tsx","statementMap":{"0":{"start":{"line":4,"column":50},"end":{"line":12,"column":null}},"1":{"start":{"line":14,"column":48},"end":{"line":22,"column":null}},"2":{"start":{"line":29,"column":2},"end":{"line":32,"column":null}}},"fnMap":{"0":{"name":"StatusBadge","decl":{"start":{"line":28,"column":16},"end":{"line":28,"column":28}},"loc":{"start":{"line":28,"column":58},"end":{"line":34,"column":null}},"line":28}},"branchMap":{},"s":{"0":4,"1":4,"2":44},"f":{"0":44},"b":{},"meta":{"lastBranch":0,"lastFunction":1,"lastStatement":3,"seen":{"s:4:50:12:Infinity":0,"s:14:48:22:Infinity":1,"f:28:16:28:28":0,"s:29:2:32:Infinity":2},"fnNames":{}}}
,"/Users/ya_dim4ik/fork-flux/forkflux/packages/dashboard/src/components/ThemeToggle.tsx": {"path":"/Users/ya_dim4ik/fork-flux/forkflux/packages/dashboard/src/components/ThemeToggle.tsx","statementMap":{"0":{"start":{"line":11,"column":33},"end":{"line":11,"column":42}},"1":{"start":{"line":12,"column":17},"end":{"line":12,"column":null}},"2":{"start":{"line":14,"column":2},"end":{"line":42,"column":null}}},"fnMap":{"0":{"name":"ThemeToggle","decl":{"start":{"line":10,"column":16},"end":{"line":10,"column":30}},"loc":{"start":{"line":10,"column":30},"end":{"line":44,"column":null}},"line":10}},"branchMap":{"0":{"loc":{"start":{"line":19,"column":18},"end":{"line":19,"column":null}},"type":"cond-expr","locations":[{"start":{"line":19,"column":27},"end":{"line":19,"column":53}},{"start":{"line":19,"column":53},"end":{"line":19,"column":null}}],"line":19},"1":{"loc":{"start":{"line":20,"column":13},"end":{"line":20,"column":null}},"type":"cond-expr","locations":[{"start":{"line":20,"column":22},"end":{"line":20,"column":48}},{"start":{"line":20,"column":48},"end":{"line":20,"column":null}}],"line":20},"2":{"loc":{"start":{"line":33,"column":9},"end":{"line":39,"column":null}},"type":"cond-expr","locations":[{"start":{"line":34,"column":10},"end":{"line":39,"column":11}},{"start":{"line":39,"column":10},"end":{"line":39,"column":null}}],"line":33}},"s":{"0":12,"1":12,"2":12},"f":{"0":12},"b":{"0":[1,11],"1":[1,11],"2":[1,11]},"meta":{"lastBranch":3,"lastFunction":1,"lastStatement":3,"seen":{"f:10:16:10:30":0,"s:11:33:11:42":0,"s:12:17:12:Infinity":1,"s:14:2:42:Infinity":2,"b:19:27:19:53:19:53:19:Infinity":0,"b:20:22:20:48:20:48:20:Infinity":1,"b:34:10:39:11:39:10:39:Infinity":2},"fnNames":{}}}
,"/Users/ya_dim4ik/fork-flux/forkflux/packages/dashboard/src/components/Drawer/Drawer.tsx": {"path":"/Users/ya_dim4ik/fork-flux/forkflux/packages/dashboard/src/components/Drawer/Drawer.tsx","statementMap":{"0":{"start":{"line":20,"column":19},"end":{"line":20,"column":null}},"1":{"start":{"line":21,"column":21},"end":{"line":21,"column":null}},"2":{"start":{"line":24,"column":2},"end":{"line":53,"column":null}},"3":{"start":{"line":25,"column":4},"end":{"line":25,"column":null}},"4":{"start":{"line":25,"column":15},"end":{"line":25,"column":null}},"5":{"start":{"line":27,"column":4},"end":{"line":27,"column":null}},"6":{"start":{"line":29,"column":10},"end":{"line":34,"column":null}},"7":{"start":{"line":30,"column":6},"end":{"line":33,"column":null}},"8":{"start":{"line":31,"column":8},"end":{"line":31,"column":null}},"9":{"start":{"line":32,"column":8},"end":{"line":32,"column":null}},"10":{"start":{"line":36,"column":4},"end":{"line":36,"column":null}},"11":{"start":{"line":37,"column":25},"end":{"line":37,"column":null}},"12":{"start":{"line":38,"column":4},"end":{"line":38,"column":null}},"13":{"start":{"line":41,"column":4},"end":{"line":43,"column":null}},"14":{"start":{"line":42,"column":6},"end":{"line":42,"column":null}},"15":{"start":{"line":45,"column":4},"end":{"line":52,"column":null}},"16":{"start":{"line":46,"column":6},"end":{"line":46,"column":null}},"17":{"start":{"line":47,"column":6},"end":{"line":47,"column":null}},"18":{"start":{"line":49,"column":6},"end":{"line":51,"column":null}},"19":{"start":{"line":50,"column":8},"end":{"line":50,"column":null}},"20":{"start":{"line":55,"column":2},"end":{"line":55,"column":null}},"21":{"start":{"line":55,"column":13},"end":{"line":55,"column":null}},"22":{"start":{"line":57,"column":2},"end":{"line":88,"column":null}}},"fnMap":{"0":{"name":"Drawer","decl":{"start":{"line":19,"column":16},"end":{"line":19,"column":23}},"loc":{"start":{"line":19,"column":87},"end":{"line":90,"column":null}},"line":19},"1":{"name":"(anonymous_1)","decl":{"start":{"line":24,"column":2},"end":{"line":24,"column":18}},"loc":{"start":{"line":24,"column":18},"end":{"line":53,"column":5}},"line":24},"2":{"name":"(anonymous_2)","decl":{"start":{"line":29,"column":10},"end":{"line":29,"column":23}},"loc":{"start":{"line":29,"column":44},"end":{"line":34,"column":null}},"line":29},"3":{"name":"(anonymous_3)","decl":{"start":{"line":41,"column":4},"end":{"line":41,"column":25}},"loc":{"start":{"line":41,"column":25},"end":{"line":43,"column":5}},"line":41},"4":{"name":"(anonymous_4)","decl":{"start":{"line":45,"column":4},"end":{"line":45,"column":17}},"loc":{"start":{"line":45,"column":17},"end":{"line":52,"column":null}},"line":45}},"branchMap":{"0":{"loc":{"start":{"line":19,"column":47},"end":{"line":19,"column":62}},"type":"default-arg","locations":[{"start":{"line":19,"column":55},"end":{"line":19,"column":62}}],"line":19},"1":{"loc":{"start":{"line":25,"column":4},"end":{"line":25,"column":null}},"type":"if","locations":[{"start":{"line":25,"column":4},"end":{"line":25,"column":null}},{"start":{},"end":{}}],"line":25},"2":{"loc":{"start":{"line":30,"column":6},"end":{"line":33,"column":null}},"type":"if","locations":[{"start":{"line":30,"column":6},"end":{"line":33,"column":null}},{"start":{},"end":{}}],"line":30},"3":{"loc":{"start":{"line":49,"column":6},"end":{"line":51,"column":null}},"type":"if","locations":[{"start":{"line":49,"column":6},"end":{"line":51,"column":null}},{"start":{},"end":{}}],"line":49},"4":{"loc":{"start":{"line":55,"column":2},"end":{"line":55,"column":null}},"type":"if","locations":[{"start":{"line":55,"column":2},"end":{"line":55,"column":null}},{"start":{},"end":{}}],"line":55},"5":{"loc":{"start":{"line":73,"column":9},"end":{"line":86,"column":9}},"type":"binary-expr","locations":[{"start":{"line":73,"column":9},"end":{"line":73,"column":null}},{"start":{"line":74,"column":10},"end":{"line":86,"column":9}}],"line":73}},"s":{"0":31,"1":31,"2":31,"3":31,"4":20,"5":11,"6":11,"7":1,"8":1,"9":1,"10":11,"11":11,"12":11,"13":11,"14":11,"15":11,"16":11,"17":11,"18":11,"19":11,"20":31,"21":20,"22":11},"f":{"0":31,"1":31,"2":1,"3":11,"4":11},"b":{"0":[31],"1":[20,11],"2":[1,0],"3":[11,0],"4":[20,11],"5":[11,4]},"meta":{"lastBranch":6,"lastFunction":5,"lastStatement":23,"seen":{"f:19:16:19:23":0,"b:19:55:19:62":0,"s:20:19:20:Infinity":0,"s:21:21:21:Infinity":1,"s:24:2:53:Infinity":2,"f:24:2:24:18":1,"b:25:4:25:Infinity:undefined:undefined:undefined:undefined":1,"s:25:4:25:Infinity":3,"s:25:15:25:Infinity":4,"s:27:4:27:Infinity":5,"s:29:10:34:Infinity":6,"f:29:10:29:23":2,"b:30:6:33:Infinity:undefined:undefined:undefined:undefined":2,"s:30:6:33:Infinity":7,"s:31:8:31:Infinity":8,"s:32:8:32:Infinity":9,"s:36:4:36:Infinity":10,"s:37:25:37:Infinity":11,"s:38:4:38:Infinity":12,"s:41:4:43:Infinity":13,"f:41:4:41:25":3,"s:42:6:42:Infinity":14,"s:45:4:52:Infinity":15,"f:45:4:45:17":4,"s:46:6:46:Infinity":16,"s:47:6:47:Infinity":17,"b:49:6:51:Infinity:undefined:undefined:undefined:undefined":3,"s:49:6:51:Infinity":18,"s:50:8:50:Infinity":19,"b:55:2:55:Infinity:undefined:undefined:undefined:undefined":4,"s:55:2:55:Infinity":20,"s:55:13:55:Infinity":21,"s:57:2:88:Infinity":22,"b:73:9:73:Infinity:74:10:86:9":5},"fnNames":{}}}
,"/Users/ya_dim4ik/fork-flux/forkflux/packages/dashboard/src/components/JsonGrid/JsonGrid.tsx": {"path":"/Users/ya_dim4ik/fork-flux/forkflux/packages/dashboard/src/components/JsonGrid/JsonGrid.tsx","statementMap":{"0":{"start":{"line":15,"column":2},"end":{"line":17,"column":null}},"1":{"start":{"line":16,"column":4},"end":{"line":16,"column":null}},"2":{"start":{"line":18,"column":2},"end":{"line":18,"column":null}},"3":{"start":{"line":32,"column":2},"end":{"line":41,"column":null}}},"fnMap":{"0":{"name":"toViewValue","decl":{"start":{"line":14,"column":9},"end":{"line":14,"column":21}},"loc":{"start":{"line":14,"column":75},"end":{"line":19,"column":null}},"line":14},"1":{"name":"JsonGrid","decl":{"start":{"line":31,"column":16},"end":{"line":31,"column":25}},"loc":{"start":{"line":31,"column":50},"end":{"line":43,"column":null}},"line":31}},"branchMap":{"0":{"loc":{"start":{"line":15,"column":2},"end":{"line":17,"column":null}},"type":"if","locations":[{"start":{"line":15,"column":2},"end":{"line":17,"column":null}},{"start":{},"end":{}}],"line":15},"1":{"loc":{"start":{"line":15,"column":6},"end":{"line":15,"column":49}},"type":"binary-expr","locations":[{"start":{"line":15,"column":6},"end":{"line":15,"column":23}},{"start":{"line":15,"column":23},"end":{"line":15,"column":49}}],"line":15}},"s":{"0":2,"1":2,"2":0,"3":2},"f":{"0":2,"1":2},"b":{"0":[2,0],"1":[2,2]},"meta":{"lastBranch":2,"lastFunction":2,"lastStatement":4,"seen":{"f:14:9:14:21":0,"b:15:2:17:Infinity:undefined:undefined:undefined:undefined":0,"s:15:2:17:Infinity":0,"b:15:6:15:23:15:23:15:49":1,"s:16:4:16:Infinity":1,"s:18:2:18:Infinity":2,"f:31:16:31:25":1,"s:32:2:41:Infinity":3},"fnNames":{}}}
,"/Users/ya_dim4ik/fork-flux/forkflux/packages/dashboard/src/components/Paginator/Paginator.tsx": {"path":"/Users/ya_dim4ik/fork-flux/forkflux/packages/dashboard/src/components/Paginator/Paginator.tsx","statementMap":{"0":{"start":{"line":31,"column":26},"end":{"line":31,"column":null}},"1":{"start":{"line":34,"column":22},"end":{"line":34,"column":null}},"2":{"start":{"line":43,"column":2},"end":{"line":45,"column":null}},"3":{"start":{"line":44,"column":4},"end":{"line":44,"column":null}},"4":{"start":{"line":44,"column":56},"end":{"line":44,"column":61}},"5":{"start":{"line":47,"column":35},"end":{"line":47,"column":null}},"6":{"start":{"line":49,"column":22},"end":{"line":49,"column":null}},"7":{"start":{"line":50,"column":23},"end":{"line":50,"column":null}},"8":{"start":{"line":52,"column":2},"end":{"line":52,"column":null}},"9":{"start":{"line":54,"column":2},"end":{"line":56,"column":null}},"10":{"start":{"line":55,"column":4},"end":{"line":55,"column":null}},"11":{"start":{"line":58,"column":2},"end":{"line":60,"column":null}},"12":{"start":{"line":58,"column":15},"end":{"line":58,"column":28}},"13":{"start":{"line":59,"column":4},"end":{"line":59,"column":null}},"14":{"start":{"line":62,"column":2},"end":{"line":64,"column":null}},"15":{"start":{"line":63,"column":4},"end":{"line":63,"column":null}},"16":{"start":{"line":66,"column":2},"end":{"line":66,"column":null}},"17":{"start":{"line":68,"column":2},"end":{"line":68,"column":null}},"18":{"start":{"line":78,"column":21},"end":{"line":78,"column":null}},"19":{"start":{"line":79,"column":22},"end":{"line":79,"column":null}},"20":{"start":{"line":82,"column":22},"end":{"line":82,"column":null}},"21":{"start":{"line":83,"column":8},"end":{"line":83,"column":null}},"22":{"start":{"line":85,"column":21},"end":{"line":85,"column":null}},"23":{"start":{"line":86,"column":19},"end":{"line":86,"column":null}},"24":{"start":{"line":88,"column":18},"end":{"line":88,"column":null}},"25":{"start":{"line":89,"column":18},"end":{"line":89,"column":null}},"26":{"start":{"line":91,"column":16},"end":{"line":91,"column":null}},"27":{"start":{"line":93,"column":2},"end":{"line":157,"column":null}},"28":{"start":{"line":106,"column":25},"end":{"line":106,"column":null}},"29":{"start":{"line":113,"column":10},"end":{"line":128,"column":null}},"30":{"start":{"line":124,"column":29},"end":{"line":124,"column":null}},"31":{"start":{"line":136,"column":25},"end":{"line":136,"column":null}},"32":{"start":{"line":148,"column":27},"end":{"line":148,"column":null}},"33":{"start":{"line":151,"column":12},"end":{"line":153,"column":null}}},"fnMap":{"0":{"name":"buildPageList","decl":{"start":{"line":42,"column":9},"end":{"line":42,"column":23}},"loc":{"start":{"line":42,"column":79},"end":{"line":69,"column":null}},"line":42},"1":{"name":"(anonymous_1)","decl":{"start":{"line":44,"column":43},"end":{"line":44,"column":47}},"loc":{"start":{"line":44,"column":56},"end":{"line":44,"column":61}},"line":44},"2":{"name":"Paginator","decl":{"start":{"line":71,"column":16},"end":{"line":71,"column":26}},"loc":{"start":{"line":77,"column":19},"end":{"line":159,"column":null}},"line":77},"3":{"name":"(anonymous_3)","decl":{"start":{"line":106,"column":10},"end":{"line":106,"column":25}},"loc":{"start":{"line":106,"column":25},"end":{"line":106,"column":null}},"line":106},"4":{"name":"(anonymous_4)","decl":{"start":{"line":112,"column":15},"end":{"line":112,"column":20}},"loc":{"start":{"line":113,"column":10},"end":{"line":128,"column":null}},"line":113},"5":{"name":"(anonymous_5)","decl":{"start":{"line":124,"column":14},"end":{"line":124,"column":29}},"loc":{"start":{"line":124,"column":29},"end":{"line":124,"column":null}},"line":124},"6":{"name":"(anonymous_6)","decl":{"start":{"line":136,"column":10},"end":{"line":136,"column":25}},"loc":{"start":{"line":136,"column":25},"end":{"line":136,"column":null}},"line":136},"7":{"name":"(anonymous_7)","decl":{"start":{"line":148,"column":10},"end":{"line":148,"column":21}},"loc":{"start":{"line":148,"column":27},"end":{"line":148,"column":null}},"line":148},"8":{"name":"(anonymous_8)","decl":{"start":{"line":150,"column":29},"end":{"line":150,"column":34}},"loc":{"start":{"line":151,"column":12},"end":{"line":153,"column":null}},"line":151}},"branchMap":{"0":{"loc":{"start":{"line":43,"column":2},"end":{"line":45,"column":null}},"type":"if","locations":[{"start":{"line":43,"column":2},"end":{"line":45,"column":null}},{"start":{},"end":{}}],"line":43},"1":{"loc":{"start":{"line":54,"column":2},"end":{"line":56,"column":null}},"type":"if","locations":[{"start":{"line":54,"column":2},"end":{"line":56,"column":null}},{"start":{},"end":{}}],"line":54},"2":{"loc":{"start":{"line":62,"column":2},"end":{"line":64,"column":null}},"type":"if","locations":[{"start":{"line":62,"column":2},"end":{"line":64,"column":null}},{"start":{},"end":{}}],"line":62},"3":{"loc":{"start":{"line":85,"column":21},"end":{"line":85,"column":null}},"type":"cond-expr","locations":[{"start":{"line":85,"column":35},"end":{"line":85,"column":39}},{"start":{"line":85,"column":39},"end":{"line":85,"column":null}}],"line":85},"4":{"loc":{"start":{"line":96,"column":9},"end":{"line":98,"column":null}},"type":"cond-expr","locations":[{"start":{"line":97,"column":12},"end":{"line":97,"column":null}},{"start":{"line":98,"column":12},"end":{"line":98,"column":null}}],"line":96},"5":{"loc":{"start":{"line":113,"column":10},"end":{"line":128,"column":null}},"type":"cond-expr","locations":[{"start":{"line":114,"column":12},"end":{"line":116,"column":null}},{"start":{"line":118,"column":12},"end":{"line":128,"column":null}}],"line":113},"6":{"loc":{"start":{"line":122,"column":16},"end":{"line":122,"column":null}},"type":"cond-expr","locations":[{"start":{"line":122,"column":39},"end":{"line":122,"column":71}},{"start":{"line":122,"column":71},"end":{"line":122,"column":null}}],"line":122},"7":{"loc":{"start":{"line":125,"column":28},"end":{"line":125,"column":null}},"type":"cond-expr","locations":[{"start":{"line":125,"column":51},"end":{"line":125,"column":60}},{"start":{"line":125,"column":60},"end":{"line":125,"column":null}}],"line":125}},"s":{"0":3,"1":3,"2":36,"3":34,"4":66,"5":2,"6":2,"7":2,"8":2,"9":2,"10":0,"11":2,"12":2,"13":4,"14":2,"15":2,"16":2,"17":2,"18":36,"19":36,"20":36,"21":36,"22":36,"23":36,"24":36,"25":36,"26":36,"27":36,"28":1,"29":76,"30":1,"31":1,"32":1,"33":144},"f":{"0":36,"1":66,"2":36,"3":1,"4":76,"5":1,"6":1,"7":1,"8":144},"b":{"0":[34,2],"1":[0,2],"2":[2,0],"3":[6,30],"4":[6,30],"5":[2,74],"6":[36,38],"7":[36,38]},"meta":{"lastBranch":8,"lastFunction":9,"lastStatement":34,"seen":{"s:31:26:31:Infinity":0,"s:34:22:34:Infinity":1,"f:42:9:42:23":0,"b:43:2:45:Infinity:undefined:undefined:undefined:undefined":0,"s:43:2:45:Infinity":2,"s:44:4:44:Infinity":3,"f:44:43:44:47":1,"s:44:56:44:61":4,"s:47:35:47:Infinity":5,"s:49:22:49:Infinity":6,"s:50:23:50:Infinity":7,"s:52:2:52:Infinity":8,"b:54:2:56:Infinity:undefined:undefined:undefined:undefined":1,"s:54:2:56:Infinity":9,"s:55:4:55:Infinity":10,"s:58:2:60:Infinity":11,"s:58:15:58:28":12,"s:59:4:59:Infinity":13,"b:62:2:64:Infinity:undefined:undefined:undefined:undefined":2,"s:62:2:64:Infinity":14,"s:63:4:63:Infinity":15,"s:66:2:66:Infinity":16,"s:68:2:68:Infinity":17,"f:71:16:71:26":2,"s:78:21:78:Infinity":18,"s:79:22:79:Infinity":19,"s:82:22:82:Infinity":20,"s:83:8:83:Infinity":21,"s:85:21:85:Infinity":22,"b:85:35:85:39:85:39:85:Infinity":3,"s:86:19:86:Infinity":23,"s:88:18:88:Infinity":24,"s:89:18:89:Infinity":25,"s:91:16:91:Infinity":26,"s:93:2:157:Infinity":27,"b:97:12:97:Infinity:98:12:98:Infinity":4,"f:106:10:106:25":3,"s:106:25:106:Infinity":28,"f:112:15:112:20":4,"s:113:10:128:Infinity":29,"b:114:12:116:Infinity:118:12:128:Infinity":5,"b:122:39:122:71:122:71:122:Infinity":6,"f:124:14:124:29":5,"s:124:29:124:Infinity":30,"b:125:51:125:60:125:60:125:Infinity":7,"f:136:10:136:25":6,"s:136:25:136:Infinity":31,"f:148:10:148:21":7,"s:148:27:148:Infinity":32,"f:150:29:150:34":8,"s:151:12:153:Infinity":33},"fnNames":{}}}
,"/Users/ya_dim4ik/fork-flux/forkflux/packages/dashboard/src/hooks/useJobListParams.ts": {"path":"/Users/ya_dim4ik/fork-flux/forkflux/packages/dashboard/src/hooks/useJobListParams.ts","statementMap":{"0":{"start":{"line":28,"column":22},"end":{"line":28,"column":null}},"1":{"start":{"line":29,"column":23},"end":{"line":29,"column":null}},"2":{"start":{"line":30,"column":35},"end":{"line":30,"column":null}},"3":{"start":{"line":31,"column":35},"end":{"line":31,"column":null}},"4":{"start":{"line":33,"column":45},"end":{"line":39,"column":null}},"5":{"start":{"line":41,"column":44},"end":{"line":41,"column":null}},"6":{"start":{"line":43,"column":53},"end":{"line":52,"column":null}},"7":{"start":{"line":63,"column":2},"end":{"line":63,"column":null}},"8":{"start":{"line":67,"column":2},"end":{"line":67,"column":null}},"9":{"start":{"line":67,"column":22},"end":{"line":67,"column":null}},"10":{"start":{"line":68,"column":12},"end":{"line":68,"column":null}},"11":{"start":{"line":69,"column":2},"end":{"line":69,"column":null}},"12":{"start":{"line":88,"column":42},"end":{"line":88,"column":58}},"13":{"start":{"line":90,"column":30},"end":{"line":100,"column":null}},"14":{"start":{"line":91,"column":19},"end":{"line":91,"column":null}},"15":{"start":{"line":92,"column":17},"end":{"line":92,"column":null}},"16":{"start":{"line":93,"column":19},"end":{"line":93,"column":null}},"17":{"start":{"line":94,"column":17},"end":{"line":94,"column":null}},"18":{"start":{"line":95,"column":16},"end":{"line":95,"column":null}},"19":{"start":{"line":96,"column":18},"end":{"line":96,"column":null}},"20":{"start":{"line":97,"column":19},"end":{"line":97,"column":null}},"21":{"start":{"line":99,"column":4},"end":{"line":99,"column":null}},"22":{"start":{"line":108,"column":17},"end":{"line":180,"column":null}},"23":{"start":{"line":110,"column":6},"end":{"line":177,"column":null}},"24":{"start":{"line":112,"column":23},"end":{"line":112,"column":null}},"25":{"start":{"line":118,"column":69},"end":{"line":118,"column":null}},"26":{"start":{"line":120,"column":10},"end":{"line":126,"column":null}},"27":{"start":{"line":121,"column":12},"end":{"line":125,"column":null}},"28":{"start":{"line":122,"column":14},"end":{"line":122,"column":null}},"29":{"start":{"line":124,"column":14},"end":{"line":124,"column":null}},"30":{"start":{"line":127,"column":10},"end":{"line":133,"column":null}},"31":{"start":{"line":128,"column":12},"end":{"line":132,"column":null}},"32":{"start":{"line":129,"column":14},"end":{"line":129,"column":null}},"33":{"start":{"line":131,"column":14},"end":{"line":131,"column":null}},"34":{"start":{"line":134,"column":10},"end":{"line":140,"column":null}},"35":{"start":{"line":135,"column":12},"end":{"line":139,"column":null}},"36":{"start":{"line":136,"column":14},"end":{"line":136,"column":null}},"37":{"start":{"line":138,"column":14},"end":{"line":138,"column":null}},"38":{"start":{"line":141,"column":10},"end":{"line":147,"column":null}},"39":{"start":{"line":142,"column":12},"end":{"line":146,"column":null}},"40":{"start":{"line":143,"column":14},"end":{"line":143,"column":null}},"41":{"start":{"line":145,"column":14},"end":{"line":145,"column":null}},"42":{"start":{"line":148,"column":10},"end":{"line":154,"column":null}},"43":{"start":{"line":149,"column":12},"end":{"line":153,"column":null}},"44":{"start":{"line":150,"column":14},"end":{"line":150,"column":null}},"45":{"start":{"line":152,"column":14},"end":{"line":152,"column":null}},"46":{"start":{"line":155,"column":10},"end":{"line":161,"column":null}},"47":{"start":{"line":156,"column":12},"end":{"line":160,"column":null}},"48":{"start":{"line":157,"column":14},"end":{"line":157,"column":null}},"49":{"start":{"line":159,"column":14},"end":{"line":159,"column":null}},"50":{"start":{"line":164,"column":10},"end":{"line":172,"column":null}},"51":{"start":{"line":165,"column":12},"end":{"line":169,"column":null}},"52":{"start":{"line":166,"column":14},"end":{"line":166,"column":null}},"53":{"start":{"line":168,"column":14},"end":{"line":168,"column":null}},"54":{"start":{"line":170,"column":17},"end":{"line":172,"column":null}},"55":{"start":{"line":171,"column":12},"end":{"line":171,"column":null}},"56":{"start":{"line":174,"column":10},"end":{"line":174,"column":null}},"57":{"start":{"line":182,"column":20},"end":{"line":185,"column":null}},"58":{"start":{"line":183,"column":35},"end":{"line":183,"column":null}},"59":{"start":{"line":187,"column":18},"end":{"line":190,"column":null}},"60":{"start":{"line":188,"column":30},"end":{"line":188,"column":null}},"61":{"start":{"line":192,"column":20},"end":{"line":195,"column":null}},"62":{"start":{"line":193,"column":24},"end":{"line":193,"column":null}},"63":{"start":{"line":197,"column":18},"end":{"line":200,"column":null}},"64":{"start":{"line":198,"column":29},"end":{"line":198,"column":null}},"65":{"start":{"line":202,"column":17},"end":{"line":205,"column":null}},"66":{"start":{"line":203,"column":28},"end":{"line":203,"column":null}},"67":{"start":{"line":207,"column":20},"end":{"line":210,"column":null}},"68":{"start":{"line":208,"column":24},"end":{"line":208,"column":null}},"69":{"start":{"line":212,"column":19},"end":{"line":215,"column":null}},"70":{"start":{"line":213,"column":23},"end":{"line":213,"column":null}},"71":{"start":{"line":217,"column":2},"end":{"line":226,"column":null}}},"fnMap":{"0":{"name":"parseString","decl":{"start":{"line":58,"column":9},"end":{"line":58,"column":null}},"loc":{"start":{"line":62,"column":5},"end":{"line":64,"column":null}},"line":62},"1":{"name":"parseIntParam","decl":{"start":{"line":66,"column":9},"end":{"line":66,"column":23}},"loc":{"start":{"line":66,"column":71},"end":{"line":70,"column":null}},"line":66},"2":{"name":"useJobListParams","decl":{"start":{"line":87,"column":16},"end":{"line":87,"column":53}},"loc":{"start":{"line":87,"column":53},"end":{"line":227,"column":null}},"line":87},"3":{"name":"(anonymous_3)","decl":{"start":{"line":90,"column":30},"end":{"line":90,"column":44}},"loc":{"start":{"line":90,"column":44},"end":{"line":100,"column":5}},"line":90},"4":{"name":"(anonymous_4)","decl":{"start":{"line":108,"column":17},"end":{"line":108,"column":null}},"loc":{"start":{"line":109,"column":60},"end":{"line":178,"column":null}},"line":109},"5":{"name":"(anonymous_5)","decl":{"start":{"line":110,"column":6},"end":{"line":110,"column":null}},"loc":{"start":{"line":111,"column":18},"end":{"line":175,"column":null}},"line":111},"6":{"name":"(anonymous_6)","decl":{"start":{"line":182,"column":20},"end":{"line":182,"column":null}},"loc":{"start":{"line":183,"column":35},"end":{"line":183,"column":null}},"line":183},"7":{"name":"(anonymous_7)","decl":{"start":{"line":187,"column":18},"end":{"line":187,"column":null}},"loc":{"start":{"line":188,"column":30},"end":{"line":188,"column":null}},"line":188},"8":{"name":"(anonymous_8)","decl":{"start":{"line":192,"column":20},"end":{"line":192,"column":null}},"loc":{"start":{"line":193,"column":24},"end":{"line":193,"column":null}},"line":193},"9":{"name":"(anonymous_9)","decl":{"start":{"line":197,"column":18},"end":{"line":197,"column":null}},"loc":{"start":{"line":198,"column":29},"end":{"line":198,"column":null}},"line":198},"10":{"name":"(anonymous_10)","decl":{"start":{"line":202,"column":17},"end":{"line":202,"column":null}},"loc":{"start":{"line":203,"column":28},"end":{"line":203,"column":null}},"line":203},"11":{"name":"(anonymous_11)","decl":{"start":{"line":207,"column":20},"end":{"line":207,"column":null}},"loc":{"start":{"line":208,"column":24},"end":{"line":208,"column":null}},"line":208},"12":{"name":"(anonymous_12)","decl":{"start":{"line":212,"column":19},"end":{"line":212,"column":null}},"loc":{"start":{"line":213,"column":23},"end":{"line":213,"column":null}},"line":213}},"branchMap":{"0":{"loc":{"start":{"line":63,"column":9},"end":{"line":63,"column":null}},"type":"cond-expr","locations":[{"start":{"line":63,"column":68},"end":{"line":63,"column":82}},{"start":{"line":63,"column":82},"end":{"line":63,"column":null}}],"line":63},"1":{"loc":{"start":{"line":63,"column":9},"end":{"line":63,"column":68}},"type":"binary-expr","locations":[{"start":{"line":63,"column":9},"end":{"line":63,"column":19}},{"start":{"line":63,"column":19},"end":{"line":63,"column":68}}],"line":63},"2":{"loc":{"start":{"line":67,"column":2},"end":{"line":67,"column":null}},"type":"if","locations":[{"start":{"line":67,"column":2},"end":{"line":67,"column":null}},{"start":{},"end":{}}],"line":67},"3":{"loc":{"start":{"line":69,"column":9},"end":{"line":69,"column":null}},"type":"cond-expr","locations":[{"start":{"line":69,"column":40},"end":{"line":69,"column":56}},{"start":{"line":69,"column":56},"end":{"line":69,"column":null}}],"line":69},"4":{"loc":{"start":{"line":69,"column":9},"end":{"line":69,"column":40}},"type":"binary-expr","locations":[{"start":{"line":69,"column":9},"end":{"line":69,"column":31}},{"start":{"line":69,"column":31},"end":{"line":69,"column":40}}],"line":69},"5":{"loc":{"start":{"line":92,"column":17},"end":{"line":92,"column":null}},"type":"binary-expr","locations":[{"start":{"line":92,"column":17},"end":{"line":92,"column":45}},{"start":{"line":92,"column":45},"end":{"line":92,"column":null}}],"line":92},"6":{"loc":{"start":{"line":93,"column":19},"end":{"line":93,"column":null}},"type":"binary-expr","locations":[{"start":{"line":93,"column":19},"end":{"line":93,"column":49}},{"start":{"line":93,"column":49},"end":{"line":93,"column":null}}],"line":93},"7":{"loc":{"start":{"line":120,"column":10},"end":{"line":126,"column":null}},"type":"if","locations":[{"start":{"line":120,"column":10},"end":{"line":126,"column":null}},{"start":{},"end":{}}],"line":120},"8":{"loc":{"start":{"line":121,"column":12},"end":{"line":125,"column":null}},"type":"if","locations":[{"start":{"line":121,"column":12},"end":{"line":125,"column":null}},{"start":{"line":123,"column":19},"end":{"line":125,"column":null}}],"line":121},"9":{"loc":{"start":{"line":127,"column":10},"end":{"line":133,"column":null}},"type":"if","locations":[{"start":{"line":127,"column":10},"end":{"line":133,"column":null}},{"start":{},"end":{}}],"line":127},"10":{"loc":{"start":{"line":128,"column":12},"end":{"line":132,"column":null}},"type":"if","locations":[{"start":{"line":128,"column":12},"end":{"line":132,"column":null}},{"start":{"line":130,"column":19},"end":{"line":132,"column":null}}],"line":128},"11":{"loc":{"start":{"line":134,"column":10},"end":{"line":140,"column":null}},"type":"if","locations":[{"start":{"line":134,"column":10},"end":{"line":140,"column":null}},{"start":{},"end":{}}],"line":134},"12":{"loc":{"start":{"line":135,"column":12},"end":{"line":139,"column":null}},"type":"if","locations":[{"start":{"line":135,"column":12},"end":{"line":139,"column":null}},{"start":{"line":137,"column":19},"end":{"line":139,"column":null}}],"line":135},"13":{"loc":{"start":{"line":141,"column":10},"end":{"line":147,"column":null}},"type":"if","locations":[{"start":{"line":141,"column":10},"end":{"line":147,"column":null}},{"start":{},"end":{}}],"line":141},"14":{"loc":{"start":{"line":142,"column":12},"end":{"line":146,"column":null}},"type":"if","locations":[{"start":{"line":142,"column":12},"end":{"line":146,"column":null}},{"start":{"line":144,"column":19},"end":{"line":146,"column":null}}],"line":142},"15":{"loc":{"start":{"line":148,"column":10},"end":{"line":154,"column":null}},"type":"if","locations":[{"start":{"line":148,"column":10},"end":{"line":154,"column":null}},{"start":{},"end":{}}],"line":148},"16":{"loc":{"start":{"line":149,"column":12},"end":{"line":153,"column":null}},"type":"if","locations":[{"start":{"line":149,"column":12},"end":{"line":153,"column":null}},{"start":{"line":151,"column":19},"end":{"line":153,"column":null}}],"line":149},"17":{"loc":{"start":{"line":155,"column":10},"end":{"line":161,"column":null}},"type":"if","locations":[{"start":{"line":155,"column":10},"end":{"line":161,"column":null}},{"start":{},"end":{}}],"line":155},"18":{"loc":{"start":{"line":156,"column":12},"end":{"line":160,"column":null}},"type":"if","locations":[{"start":{"line":156,"column":12},"end":{"line":160,"column":null}},{"start":{"line":158,"column":19},"end":{"line":160,"column":null}}],"line":156},"19":{"loc":{"start":{"line":164,"column":10},"end":{"line":172,"column":null}},"type":"if","locations":[{"start":{"line":164,"column":10},"end":{"line":172,"column":null}},{"start":{"line":170,"column":17},"end":{"line":172,"column":null}}],"line":164},"20":{"loc":{"start":{"line":165,"column":12},"end":{"line":169,"column":null}},"type":"if","locations":[{"start":{"line":165,"column":12},"end":{"line":169,"column":null}},{"start":{"line":167,"column":19},"end":{"line":169,"column":null}}],"line":165},"21":{"loc":{"start":{"line":170,"column":17},"end":{"line":172,"column":null}},"type":"if","locations":[{"start":{"line":170,"column":17},"end":{"line":172,"column":null}},{"start":{},"end":{}}],"line":170}},"s":{"0":3,"1":3,"2":3,"3":3,"4":3,"5":3,"6":3,"7":171,"8":114,"9":92,"10":22,"11":22,"12":80,"13":80,"14":57,"15":57,"16":57,"17":57,"18":57,"19":57,"20":57,"21":57,"22":80,"23":18,"24":18,"25":18,"26":18,"27":2,"28":1,"29":1,"30":18,"31":2,"32":1,"33":1,"34":18,"35":3,"36":1,"37":2,"38":18,"39":3,"40":1,"41":2,"42":18,"43":4,"44":2,"45":2,"46":18,"47":2,"48":1,"49":1,"50":18,"51":2,"52":1,"53":1,"54":16,"55":16,"56":18,"57":80,"58":2,"59":80,"60":2,"61":80,"62":3,"63":80,"64":3,"65":80,"66":4,"67":80,"68":2,"69":80,"70":2,"71":80},"f":{"0":171,"1":114,"2":80,"3":57,"4":18,"5":18,"6":2,"7":2,"8":3,"9":3,"10":4,"11":2,"12":2},"b":{"0":[21,150],"1":[171,24],"2":[92,22],"3":[20,2],"4":[22,21],"5":[57,54],"6":[57,53],"7":[2,16],"8":[1,1],"9":[2,16],"10":[1,1],"11":[3,15],"12":[1,2],"13":[3,15],"14":[1,2],"15":[4,14],"16":[2,2],"17":[2,16],"18":[1,1],"19":[2,16],"20":[1,1],"21":[16,0]},"meta":{"lastBranch":22,"lastFunction":13,"lastStatement":72,"seen":{"s:28:22:28:Infinity":0,"s:29:23:29:Infinity":1,"s:30:35:30:Infinity":2,"s:31:35:31:Infinity":3,"s:33:45:39:Infinity":4,"s:41:44:41:Infinity":5,"s:43:53:52:Infinity":6,"f:58:9:58:Infinity":0,"s:63:2:63:Infinity":7,"b:63:68:63:82:63:82:63:Infinity":0,"b:63:9:63:19:63:19:63:68":1,"f:66:9:66:23":1,"b:67:2:67:Infinity:undefined:undefined:undefined:undefined":2,"s:67:2:67:Infinity":8,"s:67:22:67:Infinity":9,"s:68:12:68:Infinity":10,"s:69:2:69:Infinity":11,"b:69:40:69:56:69:56:69:Infinity":3,"b:69:9:69:31:69:31:69:40":4,"f:87:16:87:53":2,"s:88:42:88:58":12,"s:90:30:100:Infinity":13,"f:90:30:90:44":3,"s:91:19:91:Infinity":14,"s:92:17:92:Infinity":15,"b:92:17:92:45:92:45:92:Infinity":5,"s:93:19:93:Infinity":16,"b:93:19:93:49:93:49:93:Infinity":6,"s:94:17:94:Infinity":17,"s:95:16:95:Infinity":18,"s:96:18:96:Infinity":19,"s:97:19:97:Infinity":20,"s:99:4:99:Infinity":21,"s:108:17:180:Infinity":22,"f:108:17:108:Infinity":4,"s:110:6:177:Infinity":23,"f:110:6:110:Infinity":5,"s:112:23:112:Infinity":24,"s:118:69:118:Infinity":25,"b:120:10:126:Infinity:undefined:undefined:undefined:undefined":7,"s:120:10:126:Infinity":26,"b:121:12:125:Infinity:123:19:125:Infinity":8,"s:121:12:125:Infinity":27,"s:122:14:122:Infinity":28,"s:124:14:124:Infinity":29,"b:127:10:133:Infinity:undefined:undefined:undefined:undefined":9,"s:127:10:133:Infinity":30,"b:128:12:132:Infinity:130:19:132:Infinity":10,"s:128:12:132:Infinity":31,"s:129:14:129:Infinity":32,"s:131:14:131:Infinity":33,"b:134:10:140:Infinity:undefined:undefined:undefined:undefined":11,"s:134:10:140:Infinity":34,"b:135:12:139:Infinity:137:19:139:Infinity":12,"s:135:12:139:Infinity":35,"s:136:14:136:Infinity":36,"s:138:14:138:Infinity":37,"b:141:10:147:Infinity:undefined:undefined:undefined:undefined":13,"s:141:10:147:Infinity":38,"b:142:12:146:Infinity:144:19:146:Infinity":14,"s:142:12:146:Infinity":39,"s:143:14:143:Infinity":40,"s:145:14:145:Infinity":41,"b:148:10:154:Infinity:undefined:undefined:undefined:undefined":15,"s:148:10:154:Infinity":42,"b:149:12:153:Infinity:151:19:153:Infinity":16,"s:149:12:153:Infinity":43,"s:150:14:150:Infinity":44,"s:152:14:152:Infinity":45,"b:155:10:161:Infinity:undefined:undefined:undefined:undefined":17,"s:155:10:161:Infinity":46,"b:156:12:160:Infinity:158:19:160:Infinity":18,"s:156:12:160:Infinity":47,"s:157:14:157:Infinity":48,"s:159:14:159:Infinity":49,"b:164:10:172:Infinity:170:17:172:Infinity":19,"s:164:10:172:Infinity":50,"b:165:12:169:Infinity:167:19:169:Infinity":20,"s:165:12:169:Infinity":51,"s:166:14:166:Infinity":52,"s:168:14:168:Infinity":53,"b:170:17:172:Infinity:undefined:undefined:undefined:undefined":21,"s:170:17:172:Infinity":54,"s:171:12:171:Infinity":55,"s:174:10:174:Infinity":56,"s:182:20:185:Infinity":57,"f:182:20:182:Infinity":6,"s:183:35:183:Infinity":58,"s:187:18:190:Infinity":59,"f:187:18:187:Infinity":7,"s:188:30:188:Infinity":60,"s:192:20:195:Infinity":61,"f:192:20:192:Infinity":8,"s:193:24:193:Infinity":62,"s:197:18:200:Infinity":63,"f:197:18:197:Infinity":9,"s:198:29:198:Infinity":64,"s:202:17:205:Infinity":65,"f:202:17:202:Infinity":10,"s:203:28:203:Infinity":66,"s:207:20:210:Infinity":67,"f:207:20:207:Infinity":11,"s:208:24:208:Infinity":68,"s:212:19:215:Infinity":69,"f:212:19:212:Infinity":12,"s:213:23:213:Infinity":70,"s:217:2:226:Infinity":71},"fnNames":{}}}
,"/Users/ya_dim4ik/fork-flux/forkflux/packages/dashboard/src/hooks/useTheme.ts": {"path":"/Users/ya_dim4ik/fork-flux/forkflux/packages/dashboard/src/hooks/useTheme.ts","statementMap":{"0":{"start":{"line":5,"column":20},"end":{"line":5,"column":null}},"1":{"start":{"line":6,"column":19},"end":{"line":6,"column":null}},"2":{"start":{"line":11,"column":2},"end":{"line":13,"column":null}},"3":{"start":{"line":12,"column":4},"end":{"line":12,"column":null}},"4":{"start":{"line":14,"column":2},"end":{"line":14,"column":null}},"5":{"start":{"line":18,"column":2},"end":{"line":23,"column":null}},"6":{"start":{"line":19,"column":4},"end":{"line":19,"column":null}},"7":{"start":{"line":22,"column":4},"end":{"line":22,"column":null}},"8":{"start":{"line":38,"column":28},"end":{"line":38,"column":null}},"9":{"start":{"line":40,"column":18},"end":{"line":46,"column":null}},"10":{"start":{"line":41,"column":4},"end":{"line":45,"column":null}},"11":{"start":{"line":42,"column":6},"end":{"line":42,"column":null}},"12":{"start":{"line":48,"column":22},"end":{"line":55,"column":null}},"13":{"start":{"line":49,"column":4},"end":{"line":54,"column":null}},"14":{"start":{"line":50,"column":26},"end":{"line":50,"column":null}},"15":{"start":{"line":51,"column":6},"end":{"line":51,"column":null}},"16":{"start":{"line":52,"column":6},"end":{"line":52,"column":null}},"17":{"start":{"line":53,"column":6},"end":{"line":53,"column":null}},"18":{"start":{"line":58,"column":2},"end":{"line":78,"column":null}},"19":{"start":{"line":59,"column":32},"end":{"line":59,"column":null}},"20":{"start":{"line":60,"column":4},"end":{"line":64,"column":null}},"21":{"start":{"line":61,"column":6},"end":{"line":61,"column":null}},"22":{"start":{"line":63,"column":6},"end":{"line":63,"column":null}},"23":{"start":{"line":65,"column":4},"end":{"line":68,"column":null}},"24":{"start":{"line":67,"column":6},"end":{"line":67,"column":null}},"25":{"start":{"line":70,"column":16},"end":{"line":70,"column":null}},"26":{"start":{"line":71,"column":10},"end":{"line":75,"column":null}},"27":{"start":{"line":72,"column":26},"end":{"line":72,"column":null}},"28":{"start":{"line":73,"column":6},"end":{"line":73,"column":null}},"29":{"start":{"line":74,"column":6},"end":{"line":74,"column":null}},"30":{"start":{"line":76,"column":4},"end":{"line":76,"column":null}},"31":{"start":{"line":77,"column":4},"end":{"line":77,"column":null}},"32":{"start":{"line":77,"column":17},"end":{"line":77,"column":null}},"33":{"start":{"line":80,"column":2},"end":{"line":80,"column":null}}},"fnMap":{"0":{"name":"readInitialTheme","decl":{"start":{"line":8,"column":9},"end":{"line":8,"column":35}},"loc":{"start":{"line":8,"column":35},"end":{"line":15,"column":null}},"line":8},"1":{"name":"applyTheme","decl":{"start":{"line":17,"column":9},"end":{"line":17,"column":20}},"loc":{"start":{"line":17,"column":34},"end":{"line":24,"column":null}},"line":17},"2":{"name":"useTheme","decl":{"start":{"line":37,"column":16},"end":{"line":37,"column":27}},"loc":{"start":{"line":37,"column":27},"end":{"line":81,"column":null}},"line":37},"3":{"name":"(anonymous_3)","decl":{"start":{"line":40,"column":18},"end":{"line":40,"column":31}},"loc":{"start":{"line":40,"column":47},"end":{"line":46,"column":5}},"line":40},"4":{"name":"(anonymous_4)","decl":{"start":{"line":48,"column":22},"end":{"line":48,"column":40}},"loc":{"start":{"line":48,"column":40},"end":{"line":55,"column":5}},"line":48},"5":{"name":"(anonymous_5)","decl":{"start":{"line":49,"column":4},"end":{"line":49,"column":14}},"loc":{"start":{"line":49,"column":23},"end":{"line":54,"column":5}},"line":49},"6":{"name":"(anonymous_6)","decl":{"start":{"line":58,"column":2},"end":{"line":58,"column":18}},"loc":{"start":{"line":58,"column":18},"end":{"line":78,"column":5}},"line":58},"7":{"name":"(anonymous_7)","decl":{"start":{"line":71,"column":10},"end":{"line":71,"column":22}},"loc":{"start":{"line":71,"column":49},"end":{"line":75,"column":null}},"line":71},"8":{"name":"(anonymous_8)","decl":{"start":{"line":77,"column":4},"end":{"line":77,"column":17}},"loc":{"start":{"line":77,"column":17},"end":{"line":77,"column":null}},"line":77}},"branchMap":{"0":{"loc":{"start":{"line":11,"column":2},"end":{"line":13,"column":null}},"type":"if","locations":[{"start":{"line":11,"column":2},"end":{"line":13,"column":null}},{"start":{},"end":{}}],"line":11},"1":{"loc":{"start":{"line":11,"column":6},"end":{"line":11,"column":92}},"type":"binary-expr","locations":[{"start":{"line":11,"column":6},"end":{"line":11,"column":41}},{"start":{"line":11,"column":41},"end":{"line":11,"column":92}}],"line":11},"2":{"loc":{"start":{"line":18,"column":2},"end":{"line":23,"column":null}},"type":"if","locations":[{"start":{"line":18,"column":2},"end":{"line":23,"column":null}},{"start":{"line":20,"column":9},"end":{"line":23,"column":null}}],"line":18},"3":{"loc":{"start":{"line":50,"column":26},"end":{"line":50,"column":null}},"type":"cond-expr","locations":[{"start":{"line":50,"column":44},"end":{"line":50,"column":54}},{"start":{"line":50,"column":54},"end":{"line":50,"column":null}}],"line":50},"4":{"loc":{"start":{"line":65,"column":4},"end":{"line":68,"column":null}},"type":"if","locations":[{"start":{"line":65,"column":4},"end":{"line":68,"column":null}},{"start":{},"end":{}}],"line":65},"5":{"loc":{"start":{"line":65,"column":8},"end":{"line":65,"column":49}},"type":"binary-expr","locations":[{"start":{"line":65,"column":8},"end":{"line":65,"column":30}},{"start":{"line":65,"column":30},"end":{"line":65,"column":49}}],"line":65},"6":{"loc":{"start":{"line":72,"column":26},"end":{"line":72,"column":null}},"type":"cond-expr","locations":[{"start":{"line":72,"column":38},"end":{"line":72,"column":47}},{"start":{"line":72,"column":47},"end":{"line":72,"column":null}}],"line":72}},"s":{"0":4,"1":4,"2":19,"3":3,"4":16,"5":7,"6":5,"7":2,"8":26,"9":26,"10":6,"11":6,"12":26,"13":6,"14":6,"15":6,"16":6,"17":6,"18":26,"19":19,"20":19,"21":19,"22":0,"23":19,"24":1,"25":18,"26":18,"27":1,"28":1,"29":1,"30":18,"31":18,"32":18,"33":26},"f":{"0":19,"1":7,"2":26,"3":6,"4":6,"5":6,"6":19,"7":1,"8":18},"b":{"0":[3,16],"1":[19,19],"2":[5,2],"3":[2,4],"4":[1,18],"5":[19,18],"6":[1,0]},"meta":{"lastBranch":7,"lastFunction":9,"lastStatement":34,"seen":{"s:5:20:5:Infinity":0,"s:6:19:6:Infinity":1,"f:8:9:8:35":0,"b:11:2:13:Infinity:undefined:undefined:undefined:undefined":0,"s:11:2:13:Infinity":2,"b:11:6:11:41:11:41:11:92":1,"s:12:4:12:Infinity":3,"s:14:2:14:Infinity":4,"f:17:9:17:20":1,"b:18:2:23:Infinity:20:9:23:Infinity":2,"s:18:2:23:Infinity":5,"s:19:4:19:Infinity":6,"s:22:4:22:Infinity":7,"f:37:16:37:27":2,"s:38:28:38:Infinity":8,"s:40:18:46:Infinity":9,"f:40:18:40:31":3,"s:41:4:45:Infinity":10,"s:42:6:42:Infinity":11,"s:48:22:55:Infinity":12,"f:48:22:48:40":4,"s:49:4:54:Infinity":13,"f:49:4:49:14":5,"s:50:26:50:Infinity":14,"b:50:44:50:54:50:54:50:Infinity":3,"s:51:6:51:Infinity":15,"s:52:6:52:Infinity":16,"s:53:6:53:Infinity":17,"s:58:2:78:Infinity":18,"f:58:2:58:18":6,"s:59:32:59:Infinity":19,"s:60:4:64:Infinity":20,"s:61:6:61:Infinity":21,"s:63:6:63:Infinity":22,"b:65:4:68:Infinity:undefined:undefined:undefined:undefined":4,"s:65:4:68:Infinity":23,"b:65:8:65:30:65:30:65:49":5,"s:67:6:67:Infinity":24,"s:70:16:70:Infinity":25,"s:71:10:75:Infinity":26,"f:71:10:71:22":7,"s:72:26:72:Infinity":27,"b:72:38:72:47:72:47:72:Infinity":6,"s:73:6:73:Infinity":28,"s:74:6:74:Infinity":29,"s:76:4:76:Infinity":30,"s:77:4:77:Infinity":31,"f:77:4:77:17":8,"s:77:17:77:Infinity":32,"s:80:2:80:Infinity":33},"fnNames":{}}}
,"/Users/ya_dim4ik/fork-flux/forkflux/packages/dashboard/src/lib/jobs.ts": {"path":"/Users/ya_dim4ik/fork-flux/forkflux/packages/dashboard/src/lib/jobs.ts","statementMap":{"0":{"start":{"line":32,"column":18},"end":{"line":32,"column":null}},"1":{"start":{"line":32,"column":46},"end":{"line":32,"column":54}},"2":{"start":{"line":33,"column":2},"end":{"line":33,"column":null}},"3":{"start":{"line":41,"column":18},"end":{"line":41,"column":null}},"4":{"start":{"line":41,"column":46},"end":{"line":41,"column":54}},"5":{"start":{"line":43,"column":32},"end":{"line":43,"column":null}},"6":{"start":{"line":45,"column":2},"end":{"line":47,"column":null}},"7":{"start":{"line":46,"column":4},"end":{"line":46,"column":null}},"8":{"start":{"line":49,"column":2},"end":{"line":49,"column":null}},"9":{"start":{"line":61,"column":54},"end":{"line":69,"column":null}},"10":{"start":{"line":77,"column":17},"end":{"line":77,"column":null}},"11":{"start":{"line":78,"column":2},"end":{"line":80,"column":null}},"12":{"start":{"line":79,"column":4},"end":{"line":79,"column":null}},"13":{"start":{"line":81,"column":2},"end":{"line":83,"column":null}},"14":{"start":{"line":82,"column":4},"end":{"line":82,"column":null}},"15":{"start":{"line":84,"column":2},"end":{"line":84,"column":null}},"16":{"start":{"line":97,"column":16},"end":{"line":97,"column":null}},"17":{"start":{"line":97,"column":57},"end":{"line":97,"column":66}},"18":{"start":{"line":98,"column":32},"end":{"line":98,"column":null}},"19":{"start":{"line":100,"column":16},"end":{"line":100,"column":null}},"20":{"start":{"line":103,"column":2},"end":{"line":107,"column":null}},"21":{"start":{"line":104,"column":4},"end":{"line":106,"column":null}},"22":{"start":{"line":105,"column":6},"end":{"line":105,"column":null}},"23":{"start":{"line":110,"column":18},"end":{"line":112,"column":null}},"24":{"start":{"line":111,"column":26},"end":{"line":111,"column":44}},"25":{"start":{"line":112,"column":20},"end":{"line":112,"column":44}},"26":{"start":{"line":113,"column":2},"end":{"line":115,"column":null}},"27":{"start":{"line":114,"column":4},"end":{"line":114,"column":null}},"28":{"start":{"line":117,"column":2},"end":{"line":117,"column":null}},"29":{"start":{"line":125,"column":18},"end":{"line":125,"column":null}},"30":{"start":{"line":125,"column":46},"end":{"line":125,"column":65}},"31":{"start":{"line":126,"column":2},"end":{"line":126,"column":null}},"32":{"start":{"line":138,"column":35},"end":{"line":138,"column":null}},"33":{"start":{"line":139,"column":17},"end":{"line":139,"column":null}},"34":{"start":{"line":141,"column":2},"end":{"line":146,"column":null}},"35":{"start":{"line":142,"column":4},"end":{"line":142,"column":null}},"36":{"start":{"line":142,"column":51},"end":{"line":142,"column":null}},"37":{"start":{"line":143,"column":4},"end":{"line":143,"column":null}},"38":{"start":{"line":143,"column":58},"end":{"line":143,"column":null}},"39":{"start":{"line":144,"column":4},"end":{"line":144,"column":null}},"40":{"start":{"line":144,"column":63},"end":{"line":144,"column":null}},"41":{"start":{"line":145,"column":4},"end":{"line":145,"column":null}},"42":{"start":{"line":158,"column":2},"end":{"line":171,"column":null}},"43":{"start":{"line":159,"column":14},"end":{"line":159,"column":null}},"44":{"start":{"line":161,"column":4},"end":{"line":168,"column":null}},"45":{"start":{"line":162,"column":6},"end":{"line":162,"column":null}},"46":{"start":{"line":163,"column":11},"end":{"line":168,"column":null}},"47":{"start":{"line":164,"column":6},"end":{"line":164,"column":null}},"48":{"start":{"line":167,"column":6},"end":{"line":167,"column":null}},"49":{"start":{"line":170,"column":4},"end":{"line":170,"column":null}},"50":{"start":{"line":183,"column":2},"end":{"line":183,"column":null}},"51":{"start":{"line":183,"column":12},"end":{"line":183,"column":null}},"52":{"start":{"line":184,"column":12},"end":{"line":184,"column":null}},"53":{"start":{"line":185,"column":2},"end":{"line":185,"column":null}},"54":{"start":{"line":185,"column":33},"end":{"line":185,"column":null}},"55":{"start":{"line":186,"column":2},"end":{"line":192,"column":null}},"56":{"start":{"line":200,"column":2},"end":{"line":200,"column":null}},"57":{"start":{"line":207,"column":2},"end":{"line":207,"column":null}},"58":{"start":{"line":207,"column":19},"end":{"line":207,"column":null}},"59":{"start":{"line":208,"column":16},"end":{"line":208,"column":null}},"60":{"start":{"line":209,"column":12},"end":{"line":209,"column":null}},"61":{"start":{"line":210,"column":16},"end":{"line":210,"column":null}},"62":{"start":{"line":211,"column":2},"end":{"line":211,"column":null}},"63":{"start":{"line":219,"column":16},"end":{"line":219,"column":null}},"64":{"start":{"line":220,"column":2},"end":{"line":220,"column":null}},"65":{"start":{"line":237,"column":35},"end":{"line":247,"column":null}},"66":{"start":{"line":249,"column":2},"end":{"line":251,"column":null}},"67":{"start":{"line":250,"column":19},"end":{"line":250,"column":30}},"68":{"start":{"line":251,"column":14},"end":{"line":251,"column":72}}},"fnMap":{"0":{"name":"getDistinctStatuses","decl":{"start":{"line":31,"column":16},"end":{"line":31,"column":36}},"loc":{"start":{"line":31,"column":62},"end":{"line":34,"column":null}},"line":31},"1":{"name":"(anonymous_1)","decl":{"start":{"line":32,"column":33},"end":{"line":32,"column":40}},"loc":{"start":{"line":32,"column":46},"end":{"line":32,"column":54}},"line":32},"2":{"name":"getStatusCounts","decl":{"start":{"line":40,"column":16},"end":{"line":40,"column":32}},"loc":{"start":{"line":40,"column":60},"end":{"line":50,"column":null}},"line":40},"3":{"name":"(anonymous_3)","decl":{"start":{"line":41,"column":33},"end":{"line":41,"column":40}},"loc":{"start":{"line":41,"column":46},"end":{"line":41,"column":54}},"line":41},"4":{"name":"countJobsByStatus","decl":{"start":{"line":76,"column":16},"end":{"line":76,"column":34}},"loc":{"start":{"line":76,"column":74},"end":{"line":85,"column":null}},"line":76},"5":{"name":"toStatusCounts","decl":{"start":{"line":96,"column":16},"end":{"line":96,"column":31}},"loc":{"start":{"line":96,"column":78},"end":{"line":118,"column":null}},"line":96},"6":{"name":"(anonymous_6)","decl":{"start":{"line":97,"column":38},"end":{"line":97,"column":46}},"loc":{"start":{"line":97,"column":57},"end":{"line":97,"column":66}},"line":97},"7":{"name":"(anonymous_7)","decl":{"start":{"line":111,"column":5},"end":{"line":111,"column":13}},"loc":{"start":{"line":111,"column":26},"end":{"line":111,"column":44}},"line":111},"8":{"name":"(anonymous_8)","decl":{"start":{"line":112,"column":5},"end":{"line":112,"column":11}},"loc":{"start":{"line":112,"column":20},"end":{"line":112,"column":44}},"line":112},"9":{"name":"getDistinctRoles","decl":{"start":{"line":124,"column":16},"end":{"line":124,"column":33}},"loc":{"start":{"line":124,"column":56},"end":{"line":127,"column":null}},"line":124},"10":{"name":"(anonymous_10)","decl":{"start":{"line":125,"column":33},"end":{"line":125,"column":40}},"loc":{"start":{"line":125,"column":46},"end":{"line":125,"column":65}},"line":125},"11":{"name":"filterJobs","decl":{"start":{"line":137,"column":16},"end":{"line":137,"column":27}},"loc":{"start":{"line":137,"column":68},"end":{"line":147,"column":null}},"line":137},"12":{"name":"(anonymous_12)","decl":{"start":{"line":141,"column":14},"end":{"line":141,"column":22}},"loc":{"start":{"line":141,"column":30},"end":{"line":146,"column":3}},"line":141},"13":{"name":"sortJobs","decl":{"start":{"line":153,"column":16},"end":{"line":153,"column":null}},"loc":{"start":{"line":157,"column":9},"end":{"line":172,"column":null}},"line":157},"14":{"name":"(anonymous_14)","decl":{"start":{"line":158,"column":19},"end":{"line":158,"column":25}},"loc":{"start":{"line":158,"column":34},"end":{"line":171,"column":3}},"line":158},"15":{"name":"formatDate","decl":{"start":{"line":182,"column":16},"end":{"line":182,"column":27}},"loc":{"start":{"line":182,"column":55},"end":{"line":193,"column":null}},"line":182},"16":{"name":"formatAssignee","decl":{"start":{"line":199,"column":16},"end":{"line":199,"column":31}},"loc":{"start":{"line":199,"column":61},"end":{"line":201,"column":null}},"line":199},"17":{"name":"formatBytes","decl":{"start":{"line":206,"column":16},"end":{"line":206,"column":28}},"loc":{"start":{"line":206,"column":51},"end":{"line":212,"column":null}},"line":206},"18":{"name":"extractTicketKey","decl":{"start":{"line":218,"column":16},"end":{"line":218,"column":33}},"loc":{"start":{"line":218,"column":65},"end":{"line":221,"column":null}},"line":218},"19":{"name":"getTimeline","decl":{"start":{"line":236,"column":16},"end":{"line":236,"column":28}},"loc":{"start":{"line":236,"column":64},"end":{"line":252,"column":null}},"line":236},"20":{"name":"(anonymous_20)","decl":{"start":{"line":250,"column":5},"end":{"line":250,"column":13}},"loc":{"start":{"line":250,"column":19},"end":{"line":250,"column":30}},"line":250},"21":{"name":"(anonymous_21)","decl":{"start":{"line":251,"column":5},"end":{"line":251,"column":11}},"loc":{"start":{"line":251,"column":14},"end":{"line":251,"column":72}},"line":251}},"branchMap":{"0":{"loc":{"start":{"line":104,"column":4},"end":{"line":106,"column":null}},"type":"if","locations":[{"start":{"line":104,"column":4},"end":{"line":106,"column":null}},{"start":{},"end":{}}],"line":104},"1":{"loc":{"start":{"line":142,"column":4},"end":{"line":142,"column":null}},"type":"if","locations":[{"start":{"line":142,"column":4},"end":{"line":142,"column":null}},{"start":{},"end":{}}],"line":142},"2":{"loc":{"start":{"line":142,"column":8},"end":{"line":142,"column":51}},"type":"binary-expr","locations":[{"start":{"line":142,"column":8},"end":{"line":142,"column":28}},{"start":{"line":142,"column":28},"end":{"line":142,"column":51}}],"line":142},"3":{"loc":{"start":{"line":143,"column":4},"end":{"line":143,"column":null}},"type":"if","locations":[{"start":{"line":143,"column":4},"end":{"line":143,"column":null}},{"start":{},"end":{}}],"line":143},"4":{"loc":{"start":{"line":143,"column":8},"end":{"line":143,"column":58}},"type":"binary-expr","locations":[{"start":{"line":143,"column":8},"end":{"line":143,"column":26}},{"start":{"line":143,"column":26},"end":{"line":143,"column":58}}],"line":143},"5":{"loc":{"start":{"line":144,"column":4},"end":{"line":144,"column":null}},"type":"if","locations":[{"start":{"line":144,"column":4},"end":{"line":144,"column":null}},{"start":{},"end":{}}],"line":144},"6":{"loc":{"start":{"line":144,"column":8},"end":{"line":144,"column":63}},"type":"binary-expr","locations":[{"start":{"line":144,"column":8},"end":{"line":144,"column":18}},{"start":{"line":144,"column":18},"end":{"line":144,"column":63}}],"line":144},"7":{"loc":{"start":{"line":161,"column":4},"end":{"line":168,"column":null}},"type":"if","locations":[{"start":{"line":161,"column":4},"end":{"line":168,"column":null}},{"start":{"line":163,"column":11},"end":{"line":168,"column":null}}],"line":161},"8":{"loc":{"start":{"line":161,"column":8},"end":{"line":161,"column":48}},"type":"binary-expr","locations":[{"start":{"line":161,"column":8},"end":{"line":161,"column":26}},{"start":{"line":161,"column":26},"end":{"line":161,"column":48}}],"line":161},"9":{"loc":{"start":{"line":163,"column":11},"end":{"line":168,"column":null}},"type":"if","locations":[{"start":{"line":163,"column":11},"end":{"line":168,"column":null}},{"start":{"line":165,"column":11},"end":{"line":168,"column":null}}],"line":163},"10":{"loc":{"start":{"line":170,"column":11},"end":{"line":170,"column":null}},"type":"cond-expr","locations":[{"start":{"line":170,"column":33},"end":{"line":170,"column":39}},{"start":{"line":170,"column":39},"end":{"line":170,"column":null}}],"line":170},"11":{"loc":{"start":{"line":183,"column":2},"end":{"line":183,"column":null}},"type":"if","locations":[{"start":{"line":183,"column":2},"end":{"line":183,"column":null}},{"start":{},"end":{}}],"line":183},"12":{"loc":{"start":{"line":185,"column":2},"end":{"line":185,"column":null}},"type":"if","locations":[{"start":{"line":185,"column":2},"end":{"line":185,"column":null}},{"start":{},"end":{}}],"line":185},"13":{"loc":{"start":{"line":200,"column":9},"end":{"line":200,"column":null}},"type":"binary-expr","locations":[{"start":{"line":200,"column":9},"end":{"line":200,"column":18}},{"start":{"line":200,"column":18},"end":{"line":200,"column":null}}],"line":200},"14":{"loc":{"start":{"line":207,"column":2},"end":{"line":207,"column":null}},"type":"if","locations":[{"start":{"line":207,"column":2},"end":{"line":207,"column":null}},{"start":{},"end":{}}],"line":207},"15":{"loc":{"start":{"line":211,"column":26},"end":{"line":211,"column":57}},"type":"cond-expr","locations":[{"start":{"line":211,"column":52},"end":{"line":211,"column":56}},{"start":{"line":211,"column":56},"end":{"line":211,"column":57}}],"line":211},"16":{"loc":{"start":{"line":211,"column":26},"end":{"line":211,"column":52}},"type":"binary-expr","locations":[{"start":{"line":211,"column":26},"end":{"line":211,"column":42}},{"start":{"line":211,"column":42},"end":{"line":211,"column":52}}],"line":211},"17":{"loc":{"start":{"line":220,"column":9},"end":{"line":220,"column":null}},"type":"cond-expr","locations":[{"start":{"line":220,"column":17},"end":{"line":220,"column":28}},{"start":{"line":220,"column":28},"end":{"line":220,"column":null}}],"line":220},"18":{"loc":{"start":{"line":251,"column":21},"end":{"line":251,"column":38}},"type":"binary-expr","locations":[{"start":{"line":251,"column":21},"end":{"line":251,"column":36}},{"start":{"line":251,"column":36},"end":{"line":251,"column":38}}],"line":251},"19":{"loc":{"start":{"line":251,"column":54},"end":{"line":251,"column":71}},"type":"binary-expr","locations":[{"start":{"line":251,"column":54},"end":{"line":251,"column":69}},{"start":{"line":251,"column":69},"end":{"line":251,"column":71}}],"line":251}},"s":{"0":3,"1":6,"2":3,"3":2,"4":3,"5":2,"6":2,"7":2,"8":2,"9":6,"10":2,"11":2,"12":14,"13":2,"14":4,"15":2,"16":5,"17":20,"18":5,"19":5,"20":5,"21":35,"22":18,"23":5,"24":20,"25":1,"26":5,"27":2,"28":5,"29":3,"30":5,"31":3,"32":7,"33":7,"34":7,"35":21,"36":3,"37":18,"38":2,"39":16,"40":3,"41":13,"42":8,"43":30,"44":30,"45":20,"46":10,"47":4,"48":6,"49":30,"50":102,"51":1,"52":101,"53":101,"54":1,"55":100,"56":40,"57":6,"58":1,"59":5,"60":5,"61":5,"62":5,"63":24,"64":24,"65":24,"66":24,"67":216,"68":35},"f":{"0":3,"1":6,"2":2,"3":3,"4":2,"5":5,"6":20,"7":20,"8":1,"9":3,"10":5,"11":7,"12":21,"13":8,"14":30,"15":102,"16":40,"17":6,"18":24,"19":24,"20":216,"21":35},"b":{"0":[18,17],"1":[3,18],"2":[21,9],"3":[2,16],"4":[18,5],"5":[3,13],"6":[16,7],"7":[20,10],"8":[30,18],"9":[4,6],"10":[20,10],"11":[1,101],"12":[1,100],"13":[40,39],"14":[1,5],"15":[2,3],"16":[5,3],"17":[21,3],"18":[35,0],"19":[35,0]},"meta":{"lastBranch":20,"lastFunction":22,"lastStatement":69,"seen":{"f:31:16:31:36":0,"s:32:18:32:Infinity":0,"f:32:33:32:40":1,"s:32:46:32:54":1,"s:33:2:33:Infinity":2,"f:40:16:40:32":2,"s:41:18:41:Infinity":3,"f:41:33:41:40":3,"s:41:46:41:54":4,"s:43:32:43:Infinity":5,"s:45:2:47:Infinity":6,"s:46:4:46:Infinity":7,"s:49:2:49:Infinity":8,"s:61:54:69:Infinity":9,"f:76:16:76:34":4,"s:77:17:77:Infinity":10,"s:78:2:80:Infinity":11,"s:79:4:79:Infinity":12,"s:81:2:83:Infinity":13,"s:82:4:82:Infinity":14,"s:84:2:84:Infinity":15,"f:96:16:96:31":5,"s:97:16:97:Infinity":16,"f:97:38:97:46":6,"s:97:57:97:66":17,"s:98:32:98:Infinity":18,"s:100:16:100:Infinity":19,"s:103:2:107:Infinity":20,"b:104:4:106:Infinity:undefined:undefined:undefined:undefined":0,"s:104:4:106:Infinity":21,"s:105:6:105:Infinity":22,"s:110:18:112:Infinity":23,"f:111:5:111:13":7,"s:111:26:111:44":24,"f:112:5:112:11":8,"s:112:20:112:44":25,"s:113:2:115:Infinity":26,"s:114:4:114:Infinity":27,"s:117:2:117:Infinity":28,"f:124:16:124:33":9,"s:125:18:125:Infinity":29,"f:125:33:125:40":10,"s:125:46:125:65":30,"s:126:2:126:Infinity":31,"f:137:16:137:27":11,"s:138:35:138:Infinity":32,"s:139:17:139:Infinity":33,"s:141:2:146:Infinity":34,"f:141:14:141:22":12,"b:142:4:142:Infinity:undefined:undefined:undefined:undefined":1,"s:142:4:142:Infinity":35,"b:142:8:142:28:142:28:142:51":2,"s:142:51:142:Infinity":36,"b:143:4:143:Infinity:undefined:undefined:undefined:undefined":3,"s:143:4:143:Infinity":37,"b:143:8:143:26:143:26:143:58":4,"s:143:58:143:Infinity":38,"b:144:4:144:Infinity:undefined:undefined:undefined:undefined":5,"s:144:4:144:Infinity":39,"b:144:8:144:18:144:18:144:63":6,"s:144:63:144:Infinity":40,"s:145:4:145:Infinity":41,"f:153:16:153:Infinity":13,"s:158:2:171:Infinity":42,"f:158:19:158:25":14,"s:159:14:159:Infinity":43,"b:161:4:168:Infinity:163:11:168:Infinity":7,"s:161:4:168:Infinity":44,"b:161:8:161:26:161:26:161:48":8,"s:162:6:162:Infinity":45,"b:163:11:168:Infinity:165:11:168:Infinity":9,"s:163:11:168:Infinity":46,"s:164:6:164:Infinity":47,"s:167:6:167:Infinity":48,"s:170:4:170:Infinity":49,"b:170:33:170:39:170:39:170:Infinity":10,"f:182:16:182:27":15,"b:183:2:183:Infinity:undefined:undefined:undefined:undefined":11,"s:183:2:183:Infinity":50,"s:183:12:183:Infinity":51,"s:184:12:184:Infinity":52,"b:185:2:185:Infinity:undefined:undefined:undefined:undefined":12,"s:185:2:185:Infinity":53,"s:185:33:185:Infinity":54,"s:186:2:192:Infinity":55,"f:199:16:199:31":16,"s:200:2:200:Infinity":56,"b:200:9:200:18:200:18:200:Infinity":13,"f:206:16:206:28":17,"b:207:2:207:Infinity:undefined:undefined:undefined:undefined":14,"s:207:2:207:Infinity":57,"s:207:19:207:Infinity":58,"s:208:16:208:Infinity":59,"s:209:12:209:Infinity":60,"s:210:16:210:Infinity":61,"s:211:2:211:Infinity":62,"b:211:52:211:56:211:56:211:57":15,"b:211:26:211:42:211:42:211:52":16,"f:218:16:218:33":18,"s:219:16:219:Infinity":63,"s:220:2:220:Infinity":64,"b:220:17:220:28:220:28:220:Infinity":17,"f:236:16:236:28":19,"s:237:35:247:Infinity":65,"s:249:2:251:Infinity":66,"f:250:5:250:13":20,"s:250:19:250:30":67,"f:251:5:251:11":21,"s:251:14:251:72":68,"b:251:21:251:36:251:36:251:38":18,"b:251:54:251:69:251:69:251:71":19},"fnNames":{}}}
,"/Users/ya_dim4ik/fork-flux/forkflux/packages/dashboard/src/pages/JobDetailPage.tsx": {"path":"/Users/ya_dim4ik/fork-flux/forkflux/packages/dashboard/src/pages/JobDetailPage.tsx","statementMap":{"0":{"start":{"line":17,"column":17},"end":{"line":17,"column":43}},"1":{"start":{"line":18,"column":19},"end":{"line":18,"column":31}},"2":{"start":{"line":20,"column":30},"end":{"line":20,"column":null}},"3":{"start":{"line":21,"column":32},"end":{"line":21,"column":null}},"4":{"start":{"line":22,"column":28},"end":{"line":22,"column":null}},"5":{"start":{"line":23,"column":40},"end":{"line":23,"column":null}},"6":{"start":{"line":24,"column":44},"end":{"line":24,"column":null}},"7":{"start":{"line":26,"column":8},"end":{"line":36,"column":null}},"8":{"start":{"line":27,"column":4},"end":{"line":35,"column":null}},"9":{"start":{"line":28,"column":19},"end":{"line":28,"column":null}},"10":{"start":{"line":29,"column":6},"end":{"line":33,"column":null}},"11":{"start":{"line":30,"column":8},"end":{"line":30,"column":null}},"12":{"start":{"line":32,"column":8},"end":{"line":32,"column":null}},"13":{"start":{"line":34,"column":6},"end":{"line":34,"column":null}},"14":{"start":{"line":38,"column":2},"end":{"line":65,"column":null}},"15":{"start":{"line":39,"column":4},"end":{"line":39,"column":null}},"16":{"start":{"line":39,"column":13},"end":{"line":39,"column":null}},"17":{"start":{"line":40,"column":18},"end":{"line":40,"column":null}},"18":{"start":{"line":41,"column":4},"end":{"line":45,"column":null}},"19":{"start":{"line":42,"column":6},"end":{"line":42,"column":null}},"20":{"start":{"line":43,"column":6},"end":{"line":43,"column":null}},"21":{"start":{"line":44,"column":6},"end":{"line":44,"column":null}},"22":{"start":{"line":47,"column":20},"end":{"line":47,"column":null}},"23":{"start":{"line":48,"column":4},"end":{"line":48,"column":null}},"24":{"start":{"line":49,"column":4},"end":{"line":61,"column":null}},"25":{"start":{"line":51,"column":8},"end":{"line":51,"column":null}},"26":{"start":{"line":51,"column":23},"end":{"line":51,"column":null}},"27":{"start":{"line":52,"column":8},"end":{"line":52,"column":null}},"28":{"start":{"line":53,"column":8},"end":{"line":53,"column":null}},"29":{"start":{"line":53,"column":16},"end":{"line":53,"column":null}},"30":{"start":{"line":56,"column":8},"end":{"line":56,"column":null}},"31":{"start":{"line":56,"column":23},"end":{"line":56,"column":null}},"32":{"start":{"line":57,"column":8},"end":{"line":57,"column":null}},"33":{"start":{"line":60,"column":8},"end":{"line":60,"column":null}},"34":{"start":{"line":60,"column":24},"end":{"line":60,"column":null}},"35":{"start":{"line":62,"column":4},"end":{"line":64,"column":null}},"36":{"start":{"line":63,"column":6},"end":{"line":63,"column":null}},"37":{"start":{"line":67,"column":2},"end":{"line":69,"column":null}},"38":{"start":{"line":68,"column":4},"end":{"line":68,"column":null}},"39":{"start":{"line":71,"column":2},"end":{"line":80,"column":null}},"40":{"start":{"line":72,"column":4},"end":{"line":78,"column":null}},"41":{"start":{"line":82,"column":17},"end":{"line":82,"column":null}},"42":{"start":{"line":83,"column":19},"end":{"line":83,"column":null}},"43":{"start":{"line":85,"column":2},"end":{"line":256,"column":null}},"44":{"start":{"line":90,"column":23},"end":{"line":90,"column":null}},"45":{"start":{"line":150,"column":14},"end":{"line":150,"column":null}},"46":{"start":{"line":151,"column":14},"end":{"line":151,"column":null}},"47":{"start":{"line":188,"column":12},"end":{"line":190,"column":null}},"48":{"start":{"line":201,"column":14},"end":{"line":221,"column":null}},"49":{"start":{"line":206,"column":33},"end":{"line":206,"column":null}},"50":{"start":{"line":232,"column":12},"end":{"line":242,"column":null}},"51":{"start":{"line":250,"column":23},"end":{"line":250,"column":null}}},"fnMap":{"0":{"name":"JobDetailPage","decl":{"start":{"line":16,"column":16},"end":{"line":16,"column":32}},"loc":{"start":{"line":16,"column":32},"end":{"line":258,"column":null}},"line":16},"1":{"name":"(anonymous_1)","decl":{"start":{"line":26,"column":8},"end":{"line":26,"column":26}},"loc":{"start":{"line":26,"column":44},"end":{"line":36,"column":null}},"line":26},"2":{"name":"(anonymous_2)","decl":{"start":{"line":27,"column":4},"end":{"line":27,"column":22}},"loc":{"start":{"line":27,"column":31},"end":{"line":35,"column":5}},"line":27},"3":{"name":"(anonymous_3)","decl":{"start":{"line":38,"column":2},"end":{"line":38,"column":18}},"loc":{"start":{"line":38,"column":18},"end":{"line":65,"column":5}},"line":38},"4":{"name":"(anonymous_4)","decl":{"start":{"line":50,"column":7},"end":{"line":50,"column":13}},"loc":{"start":{"line":50,"column":19},"end":{"line":54,"column":7}},"line":50},"5":{"name":"(anonymous_5)","decl":{"start":{"line":55,"column":7},"end":{"line":55,"column":14}},"loc":{"start":{"line":55,"column":22},"end":{"line":58,"column":7}},"line":55},"6":{"name":"(anonymous_6)","decl":{"start":{"line":59,"column":7},"end":{"line":59,"column":21}},"loc":{"start":{"line":59,"column":21},"end":{"line":61,"column":7}},"line":59},"7":{"name":"(anonymous_7)","decl":{"start":{"line":62,"column":4},"end":{"line":62,"column":17}},"loc":{"start":{"line":62,"column":17},"end":{"line":64,"column":null}},"line":62},"8":{"name":"(anonymous_8)","decl":{"start":{"line":90,"column":8},"end":{"line":90,"column":23}},"loc":{"start":{"line":90,"column":23},"end":{"line":90,"column":null}},"line":90},"9":{"name":"(anonymous_9)","decl":{"start":{"line":149,"column":12},"end":{"line":149,"column":22}},"loc":{"start":{"line":149,"column":28},"end":{"line":152,"column":null}},"line":149},"10":{"name":"(anonymous_10)","decl":{"start":{"line":187,"column":30},"end":{"line":187,"column":35}},"loc":{"start":{"line":188,"column":12},"end":{"line":190,"column":null}},"line":188},"11":{"name":"(anonymous_11)","decl":{"start":{"line":200,"column":30},"end":{"line":200,"column":35}},"loc":{"start":{"line":201,"column":14},"end":{"line":221,"column":null}},"line":201},"12":{"name":"(anonymous_12)","decl":{"start":{"line":206,"column":18},"end":{"line":206,"column":33}},"loc":{"start":{"line":206,"column":33},"end":{"line":206,"column":null}},"line":206},"13":{"name":"(anonymous_13)","decl":{"start":{"line":231,"column":20},"end":{"line":231,"column":25}},"loc":{"start":{"line":232,"column":12},"end":{"line":242,"column":null}},"line":232},"14":{"name":"(anonymous_14)","decl":{"start":{"line":250,"column":8},"end":{"line":250,"column":23}},"loc":{"start":{"line":250,"column":23},"end":{"line":250,"column":null}},"line":250}},"branchMap":{"0":{"loc":{"start":{"line":29,"column":6},"end":{"line":33,"column":null}},"type":"if","locations":[{"start":{"line":29,"column":6},"end":{"line":33,"column":null}},{"start":{"line":31,"column":13},"end":{"line":33,"column":null}}],"line":29},"1":{"loc":{"start":{"line":39,"column":4},"end":{"line":39,"column":null}},"type":"if","locations":[{"start":{"line":39,"column":4},"end":{"line":39,"column":null}},{"start":{},"end":{}}],"line":39},"2":{"loc":{"start":{"line":41,"column":4},"end":{"line":45,"column":null}},"type":"if","locations":[{"start":{"line":41,"column":4},"end":{"line":45,"column":null}},{"start":{},"end":{}}],"line":41},"3":{"loc":{"start":{"line":51,"column":8},"end":{"line":51,"column":null}},"type":"if","locations":[{"start":{"line":51,"column":8},"end":{"line":51,"column":null}},{"start":{},"end":{}}],"line":51},"4":{"loc":{"start":{"line":53,"column":8},"end":{"line":53,"column":null}},"type":"if","locations":[{"start":{"line":53,"column":8},"end":{"line":53,"column":null}},{"start":{},"end":{}}],"line":53},"5":{"loc":{"start":{"line":56,"column":8},"end":{"line":56,"column":null}},"type":"if","locations":[{"start":{"line":56,"column":8},"end":{"line":56,"column":null}},{"start":{},"end":{}}],"line":56},"6":{"loc":{"start":{"line":57,"column":17},"end":{"line":57,"column":74}},"type":"cond-expr","locations":[{"start":{"line":57,"column":40},"end":{"line":57,"column":54}},{"start":{"line":57,"column":54},"end":{"line":57,"column":74}}],"line":57},"7":{"loc":{"start":{"line":60,"column":8},"end":{"line":60,"column":null}},"type":"if","locations":[{"start":{"line":60,"column":8},"end":{"line":60,"column":null}},{"start":{},"end":{}}],"line":60},"8":{"loc":{"start":{"line":67,"column":2},"end":{"line":69,"column":null}},"type":"if","locations":[{"start":{"line":67,"column":2},"end":{"line":69,"column":null}},{"start":{},"end":{}}],"line":67},"9":{"loc":{"start":{"line":71,"column":2},"end":{"line":80,"column":null}},"type":"if","locations":[{"start":{"line":71,"column":2},"end":{"line":80,"column":null}},{"start":{},"end":{}}],"line":71},"10":{"loc":{"start":{"line":71,"column":6},"end":{"line":71,"column":24}},"type":"binary-expr","locations":[{"start":{"line":71,"column":6},"end":{"line":71,"column":15}},{"start":{"line":71,"column":15},"end":{"line":71,"column":24}}],"line":71},"11":{"loc":{"start":{"line":74,"column":41},"end":{"line":74,"column":69}},"type":"binary-expr","locations":[{"start":{"line":74,"column":41},"end":{"line":74,"column":50}},{"start":{"line":74,"column":50},"end":{"line":74,"column":69}}],"line":74},"12":{"loc":{"start":{"line":99,"column":11},"end":{"line":102,"column":null}},"type":"binary-expr","locations":[{"start":{"line":99,"column":11},"end":{"line":99,"column":null}},{"start":{"line":100,"column":12},"end":{"line":102,"column":null}}],"line":99},"13":{"loc":{"start":{"line":133,"column":9},"end":{"line":142,"column":null}},"type":"binary-expr","locations":[{"start":{"line":133,"column":9},"end":{"line":133,"column":null}},{"start":{"line":134,"column":10},"end":{"line":142,"column":null}}],"line":133},"14":{"loc":{"start":{"line":172,"column":7},"end":{"line":175,"column":null}},"type":"binary-expr","locations":[{"start":{"line":172,"column":7},"end":{"line":172,"column":null}},{"start":{"line":173,"column":8},"end":{"line":175,"column":null}}],"line":172},"15":{"loc":{"start":{"line":177,"column":7},"end":{"line":180,"column":null}},"type":"binary-expr","locations":[{"start":{"line":177,"column":7},"end":{"line":177,"column":null}},{"start":{"line":178,"column":8},"end":{"line":180,"column":null}}],"line":177},"16":{"loc":{"start":{"line":184,"column":7},"end":{"line":192,"column":null}},"type":"binary-expr","locations":[{"start":{"line":184,"column":7},"end":{"line":184,"column":null}},{"start":{"line":185,"column":8},"end":{"line":192,"column":null}}],"line":184},"17":{"loc":{"start":{"line":196,"column":7},"end":{"line":224,"column":null}},"type":"binary-expr","locations":[{"start":{"line":196,"column":7},"end":{"line":196,"column":null}},{"start":{"line":197,"column":8},"end":{"line":224,"column":null}}],"line":196},"18":{"loc":{"start":{"line":215,"column":17},"end":{"line":218,"column":null}},"type":"binary-expr","locations":[{"start":{"line":215,"column":17},"end":{"line":215,"column":null}},{"start":{"line":216,"column":18},"end":{"line":218,"column":null}}],"line":215},"19":{"loc":{"start":{"line":220,"column":17},"end":{"line":220,"column":null}},"type":"binary-expr","locations":[{"start":{"line":220,"column":17},"end":{"line":220,"column":41}},{"start":{"line":220,"column":41},"end":{"line":220,"column":null}}],"line":220}},"s":{"0":49,"1":49,"2":49,"3":49,"4":49,"5":49,"6":49,"7":49,"8":1,"9":1,"10":1,"11":0,"12":1,"13":1,"14":49,"15":24,"16":0,"17":24,"18":24,"19":1,"20":1,"21":1,"22":23,"23":23,"24":23,"25":21,"26":0,"27":21,"28":21,"29":3,"30":1,"31":0,"32":1,"33":22,"34":22,"35":23,"36":23,"37":49,"38":24,"39":25,"40":5,"41":20,"42":20,"43":20,"44":0,"45":1,"46":1,"47":38,"48":3,"49":1,"50":41,"51":0},"f":{"0":49,"1":1,"2":1,"3":24,"4":21,"5":1,"6":22,"7":23,"8":0,"9":1,"10":38,"11":3,"12":1,"13":41,"14":0},"b":{"0":[0,1],"1":[0,24],"2":[1,23],"3":[0,21],"4":[3,18],"5":[0,1],"6":[1,0],"7":[22,0],"8":[24,25],"9":[5,20],"10":[25,20],"11":[5,0],"12":[20,19],"13":[49,1],"14":[49,1],"15":[49,1],"16":[49,19],"17":[49,3],"18":[3,1],"19":[3,1]},"meta":{"lastBranch":20,"lastFunction":15,"lastStatement":52,"seen":{"f:16:16:16:32":0,"s:17:17:17:43":0,"s:18:19:18:31":1,"s:20:30:20:Infinity":2,"s:21:32:21:Infinity":3,"s:22:28:22:Infinity":4,"s:23:40:23:Infinity":5,"s:24:44:24:Infinity":6,"s:26:8:36:Infinity":7,"f:26:8:26:26":1,"s:27:4:35:Infinity":8,"f:27:4:27:22":2,"s:28:19:28:Infinity":9,"b:29:6:33:Infinity:31:13:33:Infinity":0,"s:29:6:33:Infinity":10,"s:30:8:30:Infinity":11,"s:32:8:32:Infinity":12,"s:34:6:34:Infinity":13,"s:38:2:65:Infinity":14,"f:38:2:38:18":3,"b:39:4:39:Infinity:undefined:undefined:undefined:undefined":1,"s:39:4:39:Infinity":15,"s:39:13:39:Infinity":16,"s:40:18:40:Infinity":17,"b:41:4:45:Infinity:undefined:undefined:undefined:undefined":2,"s:41:4:45:Infinity":18,"s:42:6:42:Infinity":19,"s:43:6:43:Infinity":20,"s:44:6:44:Infinity":21,"s:47:20:47:Infinity":22,"s:48:4:48:Infinity":23,"s:49:4:61:Infinity":24,"f:50:7:50:13":4,"b:51:8:51:Infinity:undefined:undefined:undefined:undefined":3,"s:51:8:51:Infinity":25,"s:51:23:51:Infinity":26,"s:52:8:52:Infinity":27,"b:53:8:53:Infinity:undefined:undefined:undefined:undefined":4,"s:53:8:53:Infinity":28,"s:53:16:53:Infinity":29,"f:55:7:55:14":5,"b:56:8:56:Infinity:undefined:undefined:undefined:undefined":5,"s:56:8:56:Infinity":30,"s:56:23:56:Infinity":31,"s:57:8:57:Infinity":32,"b:57:40:57:54:57:54:57:74":6,"f:59:7:59:21":6,"b:60:8:60:Infinity:undefined:undefined:undefined:undefined":7,"s:60:8:60:Infinity":33,"s:60:24:60:Infinity":34,"s:62:4:64:Infinity":35,"f:62:4:62:17":7,"s:63:6:63:Infinity":36,"b:67:2:69:Infinity:undefined:undefined:undefined:undefined":8,"s:67:2:69:Infinity":37,"s:68:4:68:Infinity":38,"b:71:2:80:Infinity:undefined:undefined:undefined:undefined":9,"s:71:2:80:Infinity":39,"b:71:6:71:15:71:15:71:24":10,"s:72:4:78:Infinity":40,"b:74:41:74:50:74:50:74:69":11,"s:82:17:82:Infinity":41,"s:83:19:83:Infinity":42,"s:85:2:256:Infinity":43,"f:90:8:90:23":8,"s:90:23:90:Infinity":44,"b:99:11:99:Infinity:100:12:102:Infinity":12,"b:133:9:133:Infinity:134:10:142:Infinity":13,"f:149:12:149:22":9,"s:150:14:150:Infinity":45,"s:151:14:151:Infinity":46,"b:172:7:172:Infinity:173:8:175:Infinity":14,"b:177:7:177:Infinity:178:8:180:Infinity":15,"b:184:7:184:Infinity:185:8:192:Infinity":16,"f:187:30:187:35":10,"s:188:12:190:Infinity":47,"b:196:7:196:Infinity:197:8:224:Infinity":17,"f:200:30:200:35":11,"s:201:14:221:Infinity":48,"f:206:18:206:33":12,"s:206:33:206:Infinity":49,"b:215:17:215:Infinity:216:18:218:Infinity":18,"b:220:17:220:41:220:41:220:Infinity":19,"f:231:20:231:25":13,"s:232:12:242:Infinity":50,"f:250:8:250:23":14,"s:250:23:250:Infinity":51},"fnNames":{}}}
,"/Users/ya_dim4ik/fork-flux/forkflux/packages/dashboard/src/pages/JobListPage.tsx": {"path":"/Users/ya_dim4ik/fork-flux/forkflux/packages/dashboard/src/pages/JobListPage.tsx","statementMap":{"0":{"start":{"line":11,"column":27},"end":{"line":11,"column":null}},"1":{"start":{"line":14,"column":19},"end":{"line":14,"column":31}},"2":{"start":{"line":24,"column":6},"end":{"line":24,"column":23}},"3":{"start":{"line":26,"column":26},"end":{"line":26,"column":null}},"4":{"start":{"line":27,"column":28},"end":{"line":27,"column":null}},"5":{"start":{"line":28,"column":26},"end":{"line":28,"column":null}},"6":{"start":{"line":29,"column":30},"end":{"line":29,"column":null}},"7":{"start":{"line":30,"column":32},"end":{"line":30,"column":null}},"8":{"start":{"line":31,"column":28},"end":{"line":31,"column":null}},"9":{"start":{"line":32,"column":40},"end":{"line":32,"column":null}},"10":{"start":{"line":33,"column":22},"end":{"line":33,"column":null}},"11":{"start":{"line":38,"column":2},"end":{"line":40,"column":null}},"12":{"start":{"line":39,"column":4},"end":{"line":39,"column":null}},"13":{"start":{"line":42,"column":2},"end":{"line":53,"column":null}},"14":{"start":{"line":43,"column":4},"end":{"line":43,"column":null}},"15":{"start":{"line":43,"column":29},"end":{"line":43,"column":null}},"16":{"start":{"line":44,"column":4},"end":{"line":48,"column":null}},"17":{"start":{"line":45,"column":6},"end":{"line":47,"column":null}},"18":{"start":{"line":46,"column":8},"end":{"line":46,"column":null}},"19":{"start":{"line":49,"column":4},"end":{"line":51,"column":null}},"20":{"start":{"line":50,"column":6},"end":{"line":50,"column":null}},"21":{"start":{"line":50,"column":31},"end":{"line":50,"column":null}},"22":{"start":{"line":55,"column":19},"end":{"line":67,"column":null}},"23":{"start":{"line":57,"column":6},"end":{"line":65,"column":null}},"24":{"start":{"line":69,"column":2},"end":{"line":96,"column":null}},"25":{"start":{"line":70,"column":20},"end":{"line":70,"column":null}},"26":{"start":{"line":71,"column":4},"end":{"line":71,"column":null}},"27":{"start":{"line":72,"column":4},"end":{"line":91,"column":null}},"28":{"start":{"line":78,"column":8},"end":{"line":78,"column":null}},"29":{"start":{"line":78,"column":23},"end":{"line":78,"column":null}},"30":{"start":{"line":79,"column":8},"end":{"line":79,"column":null}},"31":{"start":{"
[...]
e":182,"column":44},"end":{"line":182,"column":null}}],"line":182},"16":{"loc":{"start":{"line":182,"column":44},"end":{"line":182,"column":null}},"type":"cond-expr","locations":[{"start":{"line":182,"column":66},"end":{"line":182,"column":72}},{"start":{"line":182,"column":72},"end":{"line":182,"column":null}}],"line":182},"17":{"loc":{"start":{"line":189,"column":17},"end":{"line":190,"column":null}},"type":"binary-expr","locations":[{"start":{"line":189,"column":17},"end":{"line":189,"column":null}},{"start":{"line":190,"column":19},"end":{"line":190,"column":null}}],"line":189},"18":{"loc":{"start":{"line":190,"column":19},"end":{"line":190,"column":null}},"type":"cond-expr","locations":[{"start":{"line":190,"column":41},"end":{"line":190,"column":47}},{"start":{"line":190,"column":47},"end":{"line":190,"column":null}}],"line":190},"19":{"loc":{"start":{"line":197,"column":17},"end":{"line":197,"column":null}},"type":"binary-expr","locations":[{"start":{"line":197,"column":17},"end":{"line":197,"column":45}},{"start":{"line":197,"column":45},"end":{"line":197,"column":null}}],"line":197},"20":{"loc":{"start":{"line":197,"column":45},"end":{"line":197,"column":null}},"type":"cond-expr","locations":[{"start":{"line":197,"column":67},"end":{"line":197,"column":73}},{"start":{"line":197,"column":73},"end":{"line":197,"column":null}}],"line":197},"21":{"loc":{"start":{"line":204,"column":17},"end":{"line":205,"column":null}},"type":"binary-expr","locations":[{"start":{"line":204,"column":17},"end":{"line":204,"column":null}},{"start":{"line":205,"column":19},"end":{"line":205,"column":null}}],"line":204},"22":{"loc":{"start":{"line":205,"column":19},"end":{"line":205,"column":null}},"type":"cond-expr","locations":[{"start":{"line":205,"column":41},"end":{"line":205,"column":47}},{"start":{"line":205,"column":47},"end":{"line":205,"column":null}}],"line":205},"23":{"loc":{"start":{"line":215,"column":17},"end":{"line":216,"column":null}},"type":"binary-expr","locations":[{"start":{"line":215,"column":17},"end":{"line":215,"column":null}},{"start":{"line":216,"column":19},"end":{"line":216,"column":null}}],"line":215},"24":{"loc":{"start":{"line":216,"column":19},"end":{"line":216,"column":null}},"type":"cond-expr","locations":[{"start":{"line":216,"column":41},"end":{"line":216,"column":47}},{"start":{"line":216,"column":47},"end":{"line":216,"column":null}}],"line":216},"25":{"loc":{"start":{"line":238,"column":19},"end":{"line":243,"column":null}},"type":"cond-expr","locations":[{"start":{"line":239,"column":20},"end":{"line":243,"column":null}},{"start":{"line":243,"column":20},"end":{"line":243,"column":null}}],"line":238},"26":{"loc":{"start":{"line":239,"column":40},"end":{"line":239,"column":70}},"type":"binary-expr","locations":[{"start":{"line":239,"column":40},"end":{"line":239,"column":66}},{"start":{"line":239,"column":66},"end":{"line":239,"column":70}}],"line":239},"27":{"loc":{"start":{"line":258,"column":9},"end":{"line":261,"column":null}},"type":"binary-expr","locations":[{"start":{"line":258,"column":9},"end":{"line":258,"column":null}},{"start":{"line":259,"column":10},"end":{"line":261,"column":null}}],"line":258}},"s":{"0":2,"1":43,"2":43,"3":43,"4":43,"5":43,"6":43,"7":43,"8":43,"9":43,"10":43,"11":43,"12":18,"13":43,"14":18,"15":1,"16":18,"17":1,"18":1,"19":18,"20":18,"21":18,"22":43,"23":20,"24":43,"25":20,"26":20,"27":20,"28":17,"29":0,"30":17,"31":17,"32":17,"33":17,"34":17,"35":2,"36":0,"37":2,"38":19,"39":19,"40":20,"41":20,"42":2,"43":1,"44":1,"45":1,"46":43,"47":19,"48":24,"49":2,"50":22,"51":22,"52":26,"53":26,"54":26,"55":0,"56":0,"57":4,"58":1,"59":1,"60":1,"61":0,"62":0,"63":0,"64":18,"65":1},"f":{"0":43,"1":18,"2":18,"3":1,"4":18,"5":20,"6":20,"7":17,"8":2,"9":19,"10":20,"11":2,"12":26,"13":0,"14":0,"15":4,"16":1,"17":1,"18":1,"19":0,"20":0,"21":0,"22":18,"23":1},"b":{"0":[1,17],"1":[1,0],"2":[18,0],"3":[0,17],"4":[0,2],"5":[1,1],"6":[19,0],"7":[1,1],"8":[1,0],"9":[19,24],"10":[2,22],"11":[26,1,1],"12":[21,5],"13":[22,4],"14":[1,25],"15":[22,7],"16":[4,3],"17":[43,0],"18":[0,0],"19":[43,0],"20":[0,0],"21":[43,0],"22":[0,0],"23":[43,15],"24":[0,15],"25":[0,18],"26":[0,0],"27":[43,5]},"meta":{"lastBranch":28,"lastFunction":24,"lastStatement":66,"seen":{"s:11:27:11:Infinity":0,"f:13:16:13:30":0,"s:14:19:14:31":1,"s:24:6:24:23":2,"s:26:26:26:Infinity":3,"s:27:28:27:Infinity":4,"s:28:26:28:Infinity":5,"s:29:30:29:Infinity":6,"s:30:32:30:Infinity":7,"s:31:28:31:Infinity":8,"s:32:40:32:Infinity":9,"s:33:22:33:Infinity":10,"s:38:2:40:Infinity":11,"f:38:2:38:18":1,"s:39:4:39:Infinity":12,"s:42:2:53:Infinity":13,"f:42:2:42:18":2,"b:43:4:43:Infinity:undefined:undefined:undefined:undefined":0,"s:43:4:43:Infinity":14,"s:43:29:43:Infinity":15,"s:44:4:48:Infinity":16,"f:44:26:44:43":3,"b:45:6:47:Infinity:undefined:undefined:undefined:undefined":1,"s:45:6:47:Infinity":17,"s:46:8:46:Infinity":18,"s:49:4:51:Infinity":19,"f:49:4:49:17":4,"b:50:6:50:Infinity:undefined:undefined:undefined:undefined":2,"s:50:6:50:Infinity":20,"s:50:31:50:Infinity":21,"s:55:19:67:Infinity":22,"f:55:19:55:Infinity":5,"s:57:6:65:Infinity":23,"s:69:2:96:Infinity":24,"f:69:2:69:18":6,"s:70:20:70:Infinity":25,"s:71:4:71:Infinity":26,"s:72:4:91:Infinity":27,"f:77:7:77:13":7,"b:78:8:78:Infinity:undefined:undefined:undefined:undefined":3,"s:78:8:78:Infinity":28,"s:78:23:78:Infinity":29,"s:79:8:79:Infinity":30,"s:80:8:80:Infinity":31,"s:81:8:81:Infinity":32,"s:82:8:82:Infinity":33,"s:83:8:83:Infinity":34,"f:85:7:85:14":8,"b:86:8:86:Infinity:undefined:undefined:undefined:undefined":4,"s:86:8:86:Infinity":35,"s:86:23:86:Infinity":36,"s:87:8:87:Infinity":37,"b:87:40:87:54:87:54:87:75":5,"f:89:7:89:21":9,"b:90:8:90:Infinity:undefined:undefined:undefined:undefined":6,"s:90:8:90:Infinity":38,"s:90:24:90:Infinity":39,"s:92:4:94:Infinity":40,"f:92:4:92:17":10,"s:93:6:93:Infinity":41,"f:98:11:98:22":11,"b:99:4:104:Infinity:101:11:104:Infinity":7,"s:99:4:104:Infinity":42,"s:100:6:100:Infinity":43,"b:100:35:100:44:100:44:100:49":8,"s:102:6:102:Infinity":44,"s:103:6:103:Infinity":45,"b:107:2:109:Infinity:undefined:undefined:undefined:undefined":9,"s:107:2:109:Infinity":46,"s:108:4:108:Infinity":47,"b:111:2:113:Infinity:undefined:undefined:undefined:undefined":10,"s:111:2:113:Infinity":48,"s:112:4:112:Infinity":49,"s:115:35:115:Infinity":50,"s:117:2:272:Infinity":51,"f:125:16:125:21":12,"s:126:28:126:Infinity":52,"s:128:12:128:Infinity":53,"b:128:12:128:25:128:25:128:38:128:38:128:Infinity":11,"s:129:10:146:Infinity":54,"b:134:42:134:76:134:76:134:Infinity":12,"f:136:14:136:29":13,"s:136:29:136:Infinity":55,"b:138:34:138:42:138:42:138:Infinity":13,"b:141:30:141:68:141:68:141:Infinity":14,"f:155:10:155:21":14,"s:155:27:155:Infinity":56,"f:158:25:158:30":15,"s:159:12:161:Infinity":57,"f:170:10:170:21":16,"s:170:27:170:Infinity":58,"f:180:16:180:31":17,"s:180:31:180:Infinity":59,"b:182:20:182:44:182:44:182:Infinity":15,"b:182:66:182:72:182:72:182:Infinity":16,"f:186:16:186:31":18,"s:186:31:186:Infinity":60,"b:189:17:189:Infinity:190:19:190:Infinity":17,"b:190:41:190:47:190:47:190:Infinity":18,"f:194:16:194:31":19,"s:194:31:194:Infinity":61,"b:197:17:197:45:197:45:197:Infinity":19,"b:197:67:197:73:197:73:197:Infinity":20,"f:201:16:201:31":20,"s:201:31:201:Infinity":62,"b:204:17:204:Infinity:205:19:205:Infinity":21,"b:205:41:205:47:205:47:205:Infinity":22,"f:212:16:212:31":21,"s:212:31:212:Infinity":63,"b:215:17:215:Infinity:216:19:216:Infinity":23,"b:216:41:216:47:216:47:216:Infinity":24,"f:221:18:221:23":22,"s:222:14:253:Infinity":64,"f:225:16:225:31":23,"s:225:31:225:Infinity":65,"b:239:20:243:Infinity:243:20:243:Infinity":25,"b:239:40:239:66:239:66:239:70":26,"b:258:9:258:Infinity:259:10:261:Infinity":27},"fnNames":{}}}
,"/Users/ya_dim4ik/fork-flux/forkflux/packages/dashboard/src/pages/NotFoundPage.tsx": {"path":"/Users/ya_dim4ik/fork-flux/forkflux/packages/dashboard/src/pages/NotFoundPage.tsx","statementMap":{"0":{"start":{"line":4,"column":2},"end":{"line":16,"column":null}}},"fnMap":{"0":{"name":"NotFoundPage","decl":{"start":{"line":3,"column":16},"end":{"line":3,"column":31}},"loc":{"start":{"line":3,"column":31},"end":{"line":18,"column":null}},"line":3}},"branchMap":{},"s":{"0":4},"f":{"0":4},"b":{},"meta":{"lastBranch":0,"lastFunction":1,"lastStatement":1,"seen":{"f:3:16:3:31":0,"s:4:2:16:Infinity":0},"fnNames":{}}}
,"/Users/ya_dim4ik/fork-flux/forkflux/packages/dashboard/src/services/apiDataSource.ts": {"path":"/Users/ya_dim4ik/fork-flux/forkflux/packages/dashboard/src/services/apiDataSource.ts","statementMap":{"0":{"start":{"line":25,"column":21},"end":{"line":25,"column":null}},"1":{"start":{"line":28,"column":2},"end":{"line":32,"column":null}},"2":{"start":{"line":29,"column":4},"end":{"line":31,"column":null}},"3":{"start":{"line":33,"column":2},"end":{"line":33,"column":null}},"4":{"start":{"line":37,"column":14},"end":{"line":37,"column":null}},"5":{"start":{"line":38,"column":2},"end":{"line":40,"column":null}},"6":{"start":{"line":39,"column":4},"end":{"line":39,"column":null}},"7":{"start":{"line":41,"column":2},"end":{"line":41,"column":null}},"8":{"start":{"line":50,"column":2},"end":{"line":50,"column":null}},"9":{"start":{"line":64,"column":17},"end":{"line":64,"column":null}},"10":{"start":{"line":66,"column":2},"end":{"line":66,"column":null}},"11":{"start":{"line":67,"column":2},"end":{"line":67,"column":null}},"12":{"start":{"line":68,"column":2},"end":{"line":68,"column":null}},"13":{"start":{"line":69,"column":2},"end":{"line":69,"column":null}},"14":{"start":{"line":71,"column":2},"end":{"line":73,"column":null}},"15":{"start":{"line":72,"column":4},"end":{"line":72,"column":null}},"16":{"start":{"line":74,"column":2},"end":{"line":76,"column":null}},"17":{"start":{"line":75,"column":4},"end":{"line":75,"column":null}},"18":{"start":{"line":78,"column":2},"end":{"line":78,"column":null}},"19":{"start":{"line":81,"column":44},"end":{"line":122,"column":null}},"20":{"start":{"line":83,"column":15},"end":{"line":83,"column":null}},"21":{"start":{"line":84,"column":4},"end":{"line":84,"column":null}},"22":{"start":{"line":95,"column":4},"end":{"line":95,"column":null}},"23":{"start":{"line":108,"column":16},"end":{"line":110,"column":null}},"24":{"start":{"line":111,"column":4},"end":{"line":111,"column":null}},"25":{"start":{"line":115,"column":4},"end":{"line":120,"column":null}},"26":{"start":{"line":116,"column":6},"end":{"line":116,"column":null}},"27":{"start":{"line":118,"column":6},"end":{"line":118,"column":null}},"28":{"start":{"line":118,"column":63},"end":{"line":118,"column":null}},"29":{"start":{"line":119,"column":6},"end":{"line":119,"column":null}}},"fnMap":{"0":{"name":"getBaseUrl","decl":{"start":{"line":27,"column":9},"end":{"line":27,"column":30}},"loc":{"start":{"line":27,"column":30},"end":{"line":34,"column":null}},"line":27},"1":{"name":"fetchJson","decl":{"start":{"line":36,"column":15},"end":{"line":36,"column":28}},"loc":{"start":{"line":36,"column":53},"end":{"line":42,"column":null}},"line":36},"2":{"name":"toOrderParam","decl":{"start":{"line":49,"column":9},"end":{"line":49,"column":22}},"loc":{"start":{"line":49,"column":70},"end":{"line":51,"column":null}},"line":49},"3":{"name":"buildJobsQueryString","decl":{"start":{"line":63,"column":9},"end":{"line":63,"column":30}},"loc":{"start":{"line":63,"column":59},"end":{"line":79,"column":null}},"line":63},"4":{"name":"fetchJobs","decl":{"start":{"line":82,"column":2},"end":{"line":82,"column":12}},"loc":{"start":{"line":82,"column":59},"end":{"line":85,"column":null}},"line":82},"5":{"name":"fetchListMeta","decl":{"start":{"line":94,"column":2},"end":{"line":94,"column":16}},"loc":{"start":{"line":94,"column":60},"end":{"line":96,"column":null}},"line":94},"6":{"name":"fetchJobCounts","decl":{"start":{"line":107,"column":8},"end":{"line":107,"column":49}},"loc":{"start":{"line":107,"column":49},"end":{"line":112,"column":null}},"line":107},"7":{"name":"fetchJobDetail","decl":{"start":{"line":114,"column":8},"end":{"line":114,"column":23}},"loc":{"start":{"line":114,"column":62},"end":{"line":121,"column":null}},"line":114}},"branchMap":{"0":{"loc":{"start":{"line":28,"column":2},"end":{"line":32,"column":null}},"type":"if","locations":[{"start":{"line":28,"column":2},"end":{"line":32,"column":null}},{"start":{},"end":{}}],"line":28},"1":{"loc":{"start":{"line":38,"column":2},"end":{"line":40,"column":null}},"type":"if","locations":[{"start":{"line":38,"column":2},"end":{"line":40,"column":null}},{"start":{},"end":{}}],"line":38},"2":{"loc":{"start":{"line":71,"column":2},"end":{"line":73,"column":null}},"type":"if","locations":[{"start":{"line":71,"column":2},"end":{"line":73,"column":null}},{"start":{},"end":{}}],"line":71},"3":{"loc":{"start":{"line":74,"column":2},"end":{"line":76,"column":null}},"type":"if","locations":[{"start":{"line":74,"column":2},"end":{"line":76,"column":null}},{"start":{},"end":{}}],"line":74},"4":{"loc":{"start":{"line":118,"column":6},"end":{"line":118,"column":null}},"type":"if","locations":[{"start":{"line":118,"column":6},"end":{"line":118,"column":null}},{"start":{},"end":{}}],"line":118},"5":{"loc":{"start":{"line":118,"column":10},"end":{"line":118,"column":63}},"type":"binary-expr","locations":[{"start":{"line":118,"column":10},"end":{"line":118,"column":34}},{"start":{"line":118,"column":34},"end":{"line":118,"column":63}}],"line":118}},"s":{"0":2,"1":12,"2":1,"3":11,"4":11,"5":11,"6":4,"7":7,"8":7,"9":7,"10":7,"11":7,"12":7,"13":7,"14":7,"15":1,"16":7,"17":1,"18":7,"19":2,"20":7,"21":7,"22":2,"23":2,"24":1,"25":3,"26":3,"27":2,"28":1,"29":1},"f":{"0":12,"1":11,"2":7,"3":7,"4":7,"5":2,"6":2,"7":3},"b":{"0":[1,11],"1":[4,7],"2":[1,6],"3":[1,6],"4":[1,1],"5":[2,2]},"meta":{"lastBranch":6,"lastFunction":8,"lastStatement":30,"seen":{"s:25:21:25:Infinity":0,"f:27:9:27:30":0,"b:28:2:32:Infinity:undefined:undefined:undefined:undefined":0,"s:28:2:32:Infinity":1,"s:29:4:31:Infinity":2,"s:33:2:33:Infinity":3,"f:36:15:36:28":1,"s:37:14:37:Infinity":4,"b:38:2:40:Infinity:undefined:undefined:undefined:undefined":1,"s:38:2:40:Infinity":5,"s:39:4:39:Infinity":6,"s:41:2:41:Infinity":7,"f:49:9:49:22":2,"s:50:2:50:Infinity":8,"f:63:9:63:30":3,"s:64:17:64:Infinity":9,"s:66:2:66:Infinity":10,"s:67:2:67:Infinity":11,"s:68:2:68:Infinity":12,"s:69:2:69:Infinity":13,"b:71:2:73:Infinity:undefined:undefined:undefined:undefined":2,"s:71:2:73:Infinity":14,"s:72:4:72:Infinity":15,"b:74:2:76:Infinity:undefined:undefined:undefined:undefined":3,"s:74:2:76:Infinity":16,"s:75:4:75:Infinity":17,"s:78:2:78:Infinity":18,"s:81:44:122:Infinity":19,"f:82:2:82:12":4,"s:83:15:83:Infinity":20,"s:84:4:84:Infinity":21,"f:94:2:94:16":5,"s:95:4:95:Infinity":22,"f:107:8:107:49":6,"s:108:16:110:Infinity":23,"s:111:4:111:Infinity":24,"f:114:8:114:23":7,"s:115:4:120:Infinity":25,"s:116:6:116:Infinity":26,"b:118:6:118:Infinity:undefined:undefined:undefined:undefined":4,"s:118:6:118:Infinity":27,"b:118:10:118:34:118:34:118:63":5,"s:118:63:118:Infinity":28,"s:119:6:119:Infinity":29},"fnNames":{}}}
,"/Users/ya_dim4ik/fork-flux/forkflux/packages/dashboard/src/services/jobService.ts": {"path":"/Users/ya_dim4ik/fork-flux/forkflux/packages/dashboard/src/services/jobService.ts","statementMap":{"0":{"start":{"line":24,"column":16},"end":{"line":24,"column":null}},"1":{"start":{"line":25,"column":20},"end":{"line":25,"column":null}},"2":{"start":{"line":27,"column":2},"end":{"line":29,"column":null}},"3":{"start":{"line":28,"column":4},"end":{"line":28,"column":null}},"4":{"start":{"line":30,"column":2},"end":{"line":30,"column":null}},"5":{"start":{"line":33,"column":41},"end":{"line":33,"column":null}}},"fnMap":{"0":{"name":"resolveDataSource","decl":{"start":{"line":23,"column":9},"end":{"line":23,"column":44}},"loc":{"start":{"line":23,"column":44},"end":{"line":31,"column":null}},"line":23}},"branchMap":{"0":{"loc":{"start":{"line":27,"column":2},"end":{"line":29,"column":null}},"type":"if","locations":[{"start":{"line":27,"column":2},"end":{"line":29,"column":null}},{"start":{},"end":{}}],"line":27},"1":{"loc":{"start":{"line":27,"column":6},"end":{"line":27,"column":27}},"type":"binary-expr","locations":[{"start":{"line":27,"column":6},"end":{"line":27,"column":15}},{"start":{"line":27,"column":15},"end":{"line":27,"column":27}}],"line":27}},"s":{"0":0,"1":0,"2":0,"3":0,"4":0,"5":0},"f":{"0":0},"b":{"0":[0,0],"1":[0,0]},"meta":{"lastBranch":2,"lastFunction":1,"lastStatement":6,"seen":{"f:23:9:23:44":0,"s:24:16:24:Infinity":0,"s:25:20:25:Infinity":1,"b:27:2:29:Infinity:undefined:undefined:undefined:undefined":0,"s:27:2:29:Infinity":2,"b:27:6:27:15:27:15:27:27":1,"s:28:4:28:Infinity":3,"s:30:2:30:Infinity":4,"s:33:41:33:Infinity":5},"fnNames":{}}}
,"/Users/ya_dim4ik/fork-flux/forkflux/packages/dashboard/src/services/mockDataSource.ts": {"path":"/Users/ya_dim4ik/fork-flux/forkflux/packages/dashboard/src/services/mockDataSource.ts","statementMap":{"0":{"start":{"line":33,"column":17},"end":{"line":33,"column":null}},"1":{"start":{"line":35,"column":45},"end":{"line":90,"column":null}},"2":{"start":{"line":38,"column":21},"end":{"line":42,"column":null}},"3":{"start":{"line":45,"column":19},"end":{"line":45,"column":null}},"4":{"start":{"line":47,"column":18},"end":{"line":47,"column":null}},"5":{"start":{"line":51,"column":23},"end":{"line":51,"column":null}},"6":{"start":{"line":52,"column":18},"end":{"line":52,"column":null}},"7":{"start":{"line":54,"column":4},"end":{"line":59,"column":null}},"8":{"start":{"line":66,"column":18},"end":{"line":66,"column":null}},"9":{"start":{"line":68,"column":4},"end":{"line":68,"column":null}},"10":{"start":{"line":77,"column":4},"end":{"line":77,"column":null}},"11":{"start":{"line":81,"column":4},"end":{"line":88,"column":null}},"12":{"start":{"line":82,"column":18},"end":{"line":83,"column":null}},"13":{"start":{"line":85,"column":6},"end":{"line":85,"column":null}},"14":{"start":{"line":87,"column":6},"end":{"line":87,"column":null}}},"fnMap":{"0":{"name":"fetchJobs","decl":{"start":{"line":36,"column":2},"end":{"line":36,"column":12}},"loc":{"start":{"line":36,"column":59},"end":{"line":60,"column":null}},"line":36},"1":{"name":"fetchListMeta","decl":{"start":{"line":62,"column":2},"end":{"line":62,"column":16}},"loc":{"start":{"line":62,"column":60},"end":{"line":69,"column":null}},"line":62},"2":{"name":"fetchJobCounts","decl":{"start":{"line":76,"column":2},"end":{"line":76,"column":43}},"loc":{"start":{"line":76,"column":43},"end":{"line":78,"column":null}},"line":76},"3":{"name":"fetchJobDetail","decl":{"start":{"line":80,"column":8},"end":{"line":80,"column":23}},"loc":{"start":{"line":80,"column":62},"end":{"line":89,"column":null}},"line":80}},"branchMap":{},"s":{"0":0,"1":0,"2":0,"3":0,"4":0,"5":0,"6":0,"7":0,"8":0,"9":0,"10":0,"11":0,"12":0,"13":0,"14":0},"f":{"0":0,"1":0,"2":0,"3":0},"b":{},"meta":{"lastBranch":0,"lastFunction":4,"lastStatement":15,"seen":{"s:33:17:33:Infinity":0,"s:35:45:90:Infinity":1,"f:36:2:36:12":0,"s:38:21:42:Infinity":2,"s:45:19:45:Infinity":3,"s:47:18:47:Infinity":4,"s:51:23:51:Infinity":5,"s:52:18:52:Infinity":6,"s:54:4:59:Infinity":7,"f:62:2:62:16":1,"s:66:18:66:Infinity":8,"s:68:4:68:Infinity":9,"f:76:2:76:43":2,"s:77:4:77:Infinity":10,"f:80:8:80:23":3,"s:81:4:88:Infinity":11,"s:82:18:83:Infinity":12,"s:85:6:85:Infinity":13,"s:87:6:87:Infinity":14},"fnNames":{}}}
,"/Users/ya_dim4ik/fork-flux/forkflux/packages/dashboard/src/services/types.ts": {"path":"/Users/ya_dim4ik/fork-flux/forkflux/packages/dashboard/src/services/types.ts","statementMap":{},"fnMap":{},"branchMap":{},"s":{},"f":{},"b":{},"meta":{"lastBranch":0,"lastFunction":0,"lastStatement":0,"seen":{},"fnNames":{}}}
,"/Users/ya_dim4ik/fork-flux/forkflux/packages/dashboard/src/types/job.ts": {"path":"/Users/ya_dim4ik/fork-flux/forkflux/packages/dashboard/src/types/job.ts","statementMap":{},"fnMap":{},"branchMap":{},"s":{},"f":{},"b":{},"meta":{"lastBranch":0,"lastFunction":0,"lastStatement":0,"seen":{},"fnNames":{}}}
}
